# JRE version: OpenJDK Runtime Environment Temurin-21.0.10+7 (21.0.10+7) (build 21.0.10+7-LTS)
# Java VM: OpenJDK 64-Bit Server VM Temurin-21.0.10+7 (21.0.10+7-LTS, mixed mode, sharing, tiered, compressed oops, compressed class ptrs, parallel gc, windows-amd64)
GC Precious Log:
 CardTable entry size: 512
 CPUs: 12 total, 12 available
 Memory: 15710M
 Large Page Support: Disabled
 NUMA Support: Disabled
 Compressed Oops: Enabled (32-bit)
 Alignments: Space 512K, Generation 512K, Heap 2M
 Heap Min Capacity: 100M
 Heap Initial Capacity: 100M
 Heap Max Capacity: 2G
 Pre-touch: Disabled
 Parallel Workers: 10
Heap:
 PSYoungGen      total 6144K, used 6112K [0x00000000d5580000, 0x00000000d5f00000, 0x0000000100000000)
  eden space 4608K, 99% used [0x00000000d5580000,0x00000000d59fffa8,0x00000000d5a00000)
  from space 1536K, 97% used [0x00000000d5a00000,0x00000000d5b78118,0x00000000d5b80000)
  to   space 2560K, 64% used [0x00000000d5c80000,0x00000000d5e1f330,0x00000000d5f00000)
 ParOldGen       total 711680K, used 711272K [0x0000000080000000, 0x00000000ab700000, 0x00000000d5580000)
  object space 711680K, 99% used [0x0000000080000000,0x00000000ab69a148,0x00000000ab700000)
 Metaspace       used 81593K, committed 83264K, reserved 1179648K
  class space    used 8622K, committed 9344K, reserved 1048576K
GC Heap History (20 events):
Event: 104.276 GC heap after
{Heap after GC invocations=900 (full 3):
 PSYoungGen      total 6144K, used 1017K [0x00000000d5580000, 0x00000000d5d80000, 0x0000000100000000)
  eden space 4608K, 0% used [0x00000000d5580000,0x00000000d5580000,0x00000000d5a00000)
  from space 1536K, 66% used [0x00000000d5a80000,0x00000000d5b7e430,0x00000000d5c00000)
  to   space 1536K, 0% used [0x00000000d5c00000,0x00000000d5c00000,0x00000000d5d80000)
 ParOldGen       total 707584K, used 707512K [0x0000000080000000, 0x00000000ab300000, 0x00000000d5580000)
  object space 707584K, 99% used [0x0000000080000000,0x00000000ab2ee178,0x00000000ab300000)
 Metaspace       used 81440K, committed 83136K, reserved 1179648K
  class space    used 8622K, committed 9344K, reserved 1048576K
}
Event: 104.295 GC heap before
{Heap before GC invocations=901 (full 3):
 PSYoungGen      total 6144K, used 5625K [0x00000000d5580000, 0x00000000d5d80000, 0x0000000100000000)
  eden space 4608K, 100% used [0x00000000d5580000,0x00000000d5a00000,0x00000000d5a00000)
  from space 1536K, 66% used [0x00000000d5a80000,0x00000000d5b7e430,0x00000000d5c00000)
  to   space 1536K, 0% used [0x00000000d5c00000,0x00000000d5c00000,0x00000000d5d80000)
 ParOldGen       total 707584K, used 707512K [0x0000000080000000, 0x00000000ab300000, 0x00000000d5580000)
  object space 707584K, 99% used [0x0000000080000000,0x00000000ab2ee178,0x00000000ab300000)
 Metaspace       used 81528K, committed 83200K, reserved 1179648K
  class space    used 8622K, committed 9344K, reserved 1048576K
}
Event: 104.296 GC heap after
{Heap after GC invocations=901 (full 3):
 PSYoungGen      total 5632K, used 643K [0x00000000d5580000, 0x00000000d5d00000, 0x0000000100000000)
  eden space 4608K, 0% used [0x00000000d5580000,0x00000000d5580000,0x00000000d5a00000)
  from space 1024K, 62% used [0x00000000d5c00000,0x00000000d5ca0d00,0x00000000d5d00000)
  to   space 1024K, 0% used [0x00000000d5b00000,0x00000000d5b00000,0x00000000d5c00000)
 ParOldGen       total 707584K, used 707568K [0x0000000080000000, 0x00000000ab300000, 0x00000000d5580000)
  object space 707584K, 99% used [0x0000000080000000,0x00000000ab2fc178,0x00000000ab300000)
 Metaspace       used 81528K, committed 83200K, reserved 1179648K
  class space    used 8622K, committed 9344K, reserved 1048576K
}
Event: 104.308 GC heap before
{Heap before GC invocations=902 (full 3):
 PSYoungGen      total 5632K, used 5251K [0x00000000d5580000, 0x00000000d5d00000, 0x0000000100000000)
  eden space 4608K, 100% used [0x00000000d5580000,0x00000000d5a00000,0x00000000d5a00000)
  from space 1024K, 62% used [0x00000000d5c00000,0x00000000d5ca0d00,0x00000000d5d00000)
  to   space 1024K, 0% used [0x00000000d5b00000,0x00000000d5b00000,0x00000000d5c00000)
 ParOldGen       total 707584K, used 707568K [0x0000000080000000, 0x00000000ab300000, 0x00000000d5580000)
  object space 707584K, 99% used [0x0000000080000000,0x00000000ab2fc178,0x00000000ab300000)
 Metaspace       used 81528K, committed 83200K, reserved 1179648K
  class space    used 8622K, committed 9344K, reserved 1048576K
}
Event: 104.309 GC heap after
{Heap after GC invocations=902 (full 3):
 PSYoungGen      total 5632K, used 256K [0x00000000d5580000, 0x00000000d5c80000, 0x0000000100000000)
  eden space 4608K, 0% used [0x00000000d5580000,0x00000000d5580000,0x00000000d5a00000)
  from space 1024K, 25% used [0x00000000d5b00000,0x00000000d5b40000,0x00000000d5c00000)
  to   space 512K, 0% used [0x00000000d5c00000,0x00000000d5c00000,0x00000000d5c80000)
 ParOldGen       total 708096K, used 708066K [0x0000000080000000, 0x00000000ab380000, 0x00000000d5580000)
  object space 708096K, 99% used [0x0000000080000000,0x00000000ab378bc8,0x00000000ab380000)
 Metaspace       used 81528K, committed 83200K, reserved 1179648K
  class space    used 8622K, committed 9344K, reserved 1048576K
}
Event: 104.323 GC heap before
{Heap before GC invocations=903 (full 3):
 PSYoungGen      total 5632K, used 4860K [0x00000000d5580000, 0x00000000d5c80000, 0x0000000100000000)
  eden space 4608K, 99% used [0x00000000d5580000,0x00000000d59ff188,0x00000000d5a00000)
  from space 1024K, 25% used [0x00000000d5b00000,0x00000000d5b40000,0x00000000d5c00000)
  to   space 512K, 0% used [0x00000000d5c00000,0x00000000d5c00000,0x00000000d5c80000)
 ParOldGen       total 708096K, used 708066K [0x0000000080000000, 0x00000000ab380000, 0x00000000d5580000)
  object space 708096K, 99% used [0x0000000080000000,0x00000000ab378bc8,0x00000000ab380000)
 Metaspace       used 81542K, committed 83264K, reserved 1179648K
  class space    used 8622K, committed 9344K, reserved 1048576K
}
Event: 104.324 GC heap after
{Heap after GC invocations=903 (full 3):
 PSYoungGen      total 5120K, used 512K [0x00000000d5580000, 0x00000000d5d00000, 0x0000000100000000)
  eden space 4608K, 0% used [0x00000000d5580000,0x00000000d5580000,0x00000000d5a00000)
  from space 512K, 100% used [0x00000000d5c00000,0x00000000d5c80000,0x00000000d5c80000)
  to   space 1536K, 0% used [0x00000000d5a00000,0x00000000d5a00000,0x00000000d5b80000)
 ParOldGen       total 708608K, used 708490K [0x0000000080000000, 0x00000000ab400000, 0x00000000d5580000)
  object space 708608K, 99% used [0x0000000080000000,0x00000000ab3e2bc8,0x00000000ab400000)
 Metaspace       used 81542K, committed 83264K, reserved 1179648K
  class space    used 8622K, committed 9344K, reserved 1048576K
}
Event: 104.330 GC heap before
{Heap before GC invocations=904 (full 3):
 PSYoungGen      total 5120K, used 5120K [0x00000000d5580000, 0x00000000d5d00000, 0x0000000100000000)
  eden space 4608K, 100% used [0x00000000d5580000,0x00000000d5a00000,0x00000000d5a00000)
  from space 512K, 100% used [0x00000000d5c00000,0x00000000d5c80000,0x00000000d5c80000)
  to   space 1536K, 0% used [0x00000000d5a00000,0x00000000d5a00000,0x00000000d5b80000)
 ParOldGen       total 708608K, used 708490K [0x0000000080000000, 0x00000000ab400000, 0x00000000d5580000)
  object space 708608K, 99% used [0x0000000080000000,0x00000000ab3e2bc8,0x00000000ab400000)
 Metaspace       used 81542K, committed 83264K, reserved 1179648K
  class space    used 8622K, committed 9344K, reserved 1048576K
}
Event: 104.332 GC heap after
{Heap after GC invocations=904 (full 3):
 PSYoungGen      total 6144K, used 995K [0x00000000d5580000, 0x00000000d5d00000, 0x0000000100000000)
  eden space 4608K, 0% used [0x00000000d5580000,0x00000000d5580000,0x00000000d5a00000)
  from space 1536K, 64% used [0x00000000d5a00000,0x00000000d5af8d20,0x00000000d5b80000)
  to   space 1536K, 0% used [0x00000000d5b80000,0x00000000d5b80000,0x00000000d5d00000)
 ParOldGen       total 709120K, used 708978K [0x0000000080000000, 0x00000000ab480000, 0x00000000d5580000)
  object space 709120K, 99% used [0x0000000080000000,0x00000000ab45cbc8,0x00000000ab480000)
 Metaspace       used 81542K, committed 83264K, reserved 1179648K
  class space    used 8622K, committed 9344K, reserved 1048576K
}
Event: 104.349 GC heap before
{Heap before GC invocations=905 (full 3):
 PSYoungGen      total 6144K, used 5603K [0x00000000d5580000, 0x00000000d5d00000, 0x0000000100000000)
  eden space 4608K, 100% used [0x00000000d5580000,0x00000000d5a00000,0x00000000d5a00000)
  from space 1536K, 64% used [0x00000000d5a00000,0x00000000d5af8d20,0x00000000d5b80000)
  to   space 1536K, 0% used [0x00000000d5b80000,0x00000000d5b80000,0x00000000d5d00000)
 ParOldGen       total 709120K, used 708978K [0x0000000080000000, 0x00000000ab480000, 0x00000000d5580000)
  object space 709120K, 99% used [0x0000000080000000,0x00000000ab45cbc8,0x00000000ab480000)
 Metaspace       used 81573K, committed 83264K, reserved 1179648K
  class space    used 8622K, committed 9344K, reserved 1048576K
}
Event: 104.350 GC heap after
{Heap after GC invocations=905 (full 3):
 PSYoungGen      total 5632K, used 605K [0x00000000d5580000, 0x00000000d5c80000, 0x0000000100000000)
  eden space 4608K, 0% used [0x00000000d5580000,0x00000000d5580000,0x00000000d5a00000)
  from space 1024K, 59% used [0x00000000d5b80000,0x00000000d5c17600,0x00000000d5c80000)
  to   space 1024K, 0% used [0x00000000d5a80000,0x00000000d5a80000,0x00000000d5b80000)
 ParOldGen       total 709120K, used 709010K [0x0000000080000000, 0x00000000ab480000, 0x00000000d5580000)
  object space 709120K, 99% used [0x0000000080000000,0x00000000ab464bc8,0x00000000ab480000)
 Metaspace       used 81573K, committed 83264K, reserved 1179648K
  class space    used 8622K, committed 9344K, reserved 1048576K
}
Event: 104.361 GC heap before
{Heap before GC invocations=906 (full 3):
 PSYoungGen      total 5632K, used 5213K [0x00000000d5580000, 0x00000000d5c80000, 0x0000000100000000)
  eden space 4608K, 100% used [0x00000000d5580000,0x00000000d5a00000,0x00000000d5a00000)
  from space 1024K, 59% used [0x00000000d5b80000,0x00000000d5c17600,0x00000000d5c80000)
  to   space 1024K, 0% used [0x00000000d5a80000,0x00000000d5a80000,0x00000000d5b80000)
 ParOldGen       total 709120K, used 709010K [0x0000000080000000, 0x00000000ab480000, 0x00000000d5580000)
  object space 709120K, 99% used [0x0000000080000000,0x00000000ab464bc8,0x00000000ab480000)
 Metaspace       used 81576K, committed 83264K, reserved 1179648K
  class space    used 8622K, committed 9344K, reserved 1048576K
}
Event: 104.362 GC heap after
{Heap after GC invocations=906 (full 3):
 PSYoungGen      total 5632K, used 288K [0x00000000d5580000, 0x00000000d5c00000, 0x0000000100000000)
  eden space 4608K, 0% used [0x00000000d5580000,0x00000000d5580000,0x00000000d5a00000)
  from space 1024K, 28% used [0x00000000d5a80000,0x00000000d5ac8000,0x00000000d5b80000)
  to   space 512K, 0% used [0x00000000d5b80000,0x00000000d5b80000,0x00000000d5c00000)
 ParOldGen       total 709632K, used 709490K [0x0000000080000000, 0x00000000ab500000, 0x00000000d5580000)
  object space 709632K, 99% used [0x0000000080000000,0x00000000ab4dcb18,0x00000000ab500000)
 Metaspace       used 81576K, committed 83264K, reserved 1179648K
  class space    used 8622K, committed 9344K, reserved 1048576K
}
Event: 104.373 GC heap before
{Heap before GC invocations=907 (full 3):
 PSYoungGen      total 5632K, used 4896K [0x00000000d5580000, 0x00000000d5c00000, 0x0000000100000000)
  eden space 4608K, 100% used [0x00000000d5580000,0x00000000d5a00000,0x00000000d5a00000)
  from space 1024K, 28% used [0x00000000d5a80000,0x00000000d5ac8000,0x00000000d5b80000)
  to   space 512K, 0% used [0x00000000d5b80000,0x00000000d5b80000,0x00000000d5c00000)
 ParOldGen       total 709632K, used 709490K [0x0000000080000000, 0x00000000ab500000, 0x00000000d5580000)
  object space 709632K, 99% used [0x0000000080000000,0x00000000ab4dcb18,0x00000000ab500000)
 Metaspace       used 81586K, committed 83264K, reserved 1179648K
  class space    used 8622K, committed 9344K, reserved 1048576K
}
Event: 104.375 GC heap after
{Heap after GC invocations=907 (full 3):
 PSYoungGen      total 5120K, used 496K [0x00000000d5580000, 0x00000000d5d00000, 0x0000000100000000)
  eden space 4608K, 0% used [0x00000000d5580000,0x00000000d5580000,0x00000000d5a00000)
  from space 512K, 96% used [0x00000000d5b80000,0x00000000d5bfc030,0x00000000d5c00000)
  to   space 1536K, 0% used [0x00000000d5a00000,0x00000000d5a00000,0x00000000d5b80000)
 ParOldGen       total 710144K, used 709962K [0x0000000080000000, 0x00000000ab580000, 0x00000000d5580000)
  object space 710144K, 99% used [0x0000000080000000,0x00000000ab552b18,0x00000000ab580000)
 Metaspace       used 81586K, committed 83264K, reserved 1179648K
  class space    used 8622K, committed 9344K, reserved 1048576K
}
Event: 104.383 GC heap before
{Heap before GC invocations=908 (full 3):
 PSYoungGen      total 5120K, used 5092K [0x00000000d5580000, 0x00000000d5d00000, 0x0000000100000000)
  eden space 4608K, 99% used [0x00000000d5580000,0x00000000d59fd0e8,0x00000000d5a00000)
  from space 512K, 96% used [0x00000000d5b80000,0x00000000d5bfc030,0x00000000d5c00000)
  to   space 1536K, 0% used [0x00000000d5a00000,0x00000000d5a00000,0x00000000d5b80000)
 ParOldGen       total 710144K, used 709962K [0x0000000080000000, 0x00000000ab580000, 0x00000000d5580000)
  object space 710144K, 99% used [0x0000000080000000,0x00000000ab552b18,0x00000000ab580000)
 Metaspace       used 81590K, committed 83264K, reserved 1179648K
  class space    used 8622K, committed 9344K, reserved 1048576K
}
Event: 104.385 GC heap after
{Heap after GC invocations=908 (full 3):
 PSYoungGen      total 6144K, used 1504K [0x00000000d5580000, 0x00000000d5f00000, 0x0000000100000000)
  eden space 4608K, 0% used [0x00000000d5580000,0x00000000d5580000,0x00000000d5a00000)
  from space 1536K, 97% used [0x00000000d5a00000,0x00000000d5b78118,0x00000000d5b80000)
  to   space 2560K, 0% used [0x00000000d5c80000,0x00000000d5c80000,0x00000000d5f00000)
 ParOldGen       total 710656K, used 710370K [0x0000000080000000, 0x00000000ab600000, 0x00000000d5580000)
  object space 710656K, 99% used [0x0000000080000000,0x00000000ab5b8b18,0x00000000ab600000)
 Metaspace       used 81590K, committed 83264K, reserved 1179648K
  class space    used 8622K, committed 9344K, reserved 1048576K
}
Event: 104.406 GC heap before
{Heap before GC invocations=909 (full 3):
 PSYoungGen      total 6144K, used 6112K [0x00000000d5580000, 0x00000000d5f00000, 0x0000000100000000)
  eden space 4608K, 99% used [0x00000000d5580000,0x00000000d59fffa8,0x00000000d5a00000)
  from space 1536K, 97% used [0x00000000d5a00000,0x00000000d5b78118,0x00000000d5b80000)
  to   space 2560K, 0% used [0x00000000d5c80000,0x00000000d5c80000,0x00000000d5f00000)
 ParOldGen       total 710656K, used 710370K [0x0000000080000000, 0x00000000ab600000, 0x00000000d5580000)
  object space 710656K, 99% used [0x0000000080000000,0x00000000ab5b8b18,0x00000000ab600000)
 Metaspace       used 81593K, committed 83264K, reserved 1179648K
  class space    used 8622K, committed 9344K, reserved 1048576K
}
Event: 104.408 GC heap after
{Heap after GC invocations=909 (full 3):
 PSYoungGen      total 6144K, used 6112K [0x00000000d5580000, 0x00000000d5f00000, 0x0000000100000000)
  eden space 4608K, 99% used [0x00000000d5580000,0x00000000d59fffa8,0x00000000d5a00000)
  from space 1536K, 97% used [0x00000000d5a00000,0x00000000d5b78118,0x00000000d5b80000)
  to   space 2560K, 64% used [0x00000000d5c80000,0x00000000d5e1f330,0x00000000d5f00000)
 ParOldGen       total 711680K, used 711272K [0x0000000080000000, 0x00000000ab700000, 0x00000000d5580000)
  object space 711680K, 99% used [0x0000000080000000,0x00000000ab69a148,0x00000000ab700000)
 Metaspace       used 81593K, committed 83264K, reserved 1179648K
  class space    used 8622K, committed 9344K, reserved 1048576K
}
Event: 104.408 GC heap before
{Heap before GC invocations=910 (full 4):
 PSYoungGen      total 6144K, used 6112K [0x00000000d5580000, 0x00000000d5f00000, 0x0000000100000000)
  eden space 4608K, 99% used [0x00000000d5580000,0x00000000d59fffa8,0x00000000d5a00000)
  from space 1536K, 97% used [0x00000000d5a00000,0x00000000d5b78118,0x00000000d5b80000)
  to   space 2560K, 64% used [0x00000000d5c80000,0x00000000d5e1f330,0x00000000d5f00000)
 ParOldGen       total 711680K, used 711272K [0x0000000080000000, 0x00000000ab700000, 0x00000000d5580000)
  object space 711680K, 99% used [0x0000000080000000,0x00000000ab69a148,0x00000000ab700000)
 Metaspace       used 81593K, committed 83264K, reserved 1179648K
  class space    used 8622K, committed 9344K, reserved 1048576K
}

