# JRE version: OpenJDK Runtime Environment Temurin-21.0.10+7 (21.0.10+7) (build 21.0.10+7-LTS)
# Java VM: OpenJDK 64-Bit Server VM Temurin-21.0.10+7 (21.0.10+7-LTS, mixed mode, sharing, tiered, compressed oops, compressed class ptrs, parallel gc, windows-amd64)
GC Precious Log:
 CardTable entry size: 512
 CPUs: 12 total, 12 available
 Memory: 15710M
 Large Page Support: Disabled
 NUMA Support: Disabled
 Compressed Oops: Enabled (32-bit)
 Alignments: Space 512K, Generation 512K, Heap 2M
 Heap Min Capacity: 100M
 Heap Initial Capacity: 100M
 Heap Max Capacity: 2G
 Pre-touch: Disabled
 Parallel Workers: 10
Heap:
 PSYoungGen      total 20480K, used 8523K [0x00000000d5580000, 0x00000000d6c00000, 0x0000000100000000)
  eden space 19968K, 40% used [0x00000000d5580000,0x00000000d5d72c28,0x00000000d6900000)
  from space 512K, 75% used [0x00000000d6b80000,0x00000000d6be0000,0x00000000d6c00000)
  to   space 1024K, 0% used [0x00000000d6a00000,0x00000000d6a00000,0x00000000d6b00000)
 ParOldGen       total 78848K, used 64668K [0x0000000080000000, 0x0000000084d00000, 0x00000000d5580000)
  object space 78848K, 82% used [0x0000000080000000,0x0000000083f27338,0x0000000084d00000)
 Metaspace       used 63349K, committed 64960K, reserved 1114112K
  class space    used 6798K, committed 7488K, reserved 1048576K
GC Heap History (20 events):
Event: 13.866 GC heap before
{Heap before GC invocations=56 (full 2):
 PSYoungGen      total 22528K, used 22528K [0x00000000d5580000, 0x00000000d6f00000, 0x0000000100000000)
  eden space 22016K, 100% used [0x00000000d5580000,0x00000000d6b00000,0x00000000d6b00000)
  from space 512K, 100% used [0x00000000d6d80000,0x00000000d6e00000,0x00000000d6e00000)
  to   space 1024K, 0% used [0x00000000d6e00000,0x00000000d6e00000,0x00000000d6f00000)
 ParOldGen       total 75776K, used 75512K [0x0000000080000000, 0x0000000084a00000, 0x00000000d5580000)
  object space 75776K, 99% used [0x0000000080000000,0x00000000849be110,0x0000000084a00000)
 Metaspace       used 56522K, committed 58048K, reserved 1114112K
  class space    used 6104K, committed 6784K, reserved 1048576K
}
Event: 13.867 GC heap after
{Heap after GC invocations=56 (full 2):
 PSYoungGen      total 23040K, used 797K [0x00000000d5580000, 0x00000000d6f00000, 0x0000000100000000)
  eden space 22016K, 0% used [0x00000000d5580000,0x00000000d5580000,0x00000000d6b00000)
  from space 1024K, 77% used [0x00000000d6e00000,0x00000000d6ec77c0,0x00000000d6f00000)
  to   space 1024K, 0% used [0x00000000d6d00000,0x00000000d6d00000,0x00000000d6e00000)
 ParOldGen       total 76288K, used 75856K [0x0000000080000000, 0x0000000084a80000, 0x00000000d5580000)
  object space 76288K, 99% used [0x0000000080000000,0x0000000084a14110,0x0000000084a80000)
 Metaspace       used 56522K, committed 58048K, reserved 1114112K
  class space    used 6104K, committed 6784K, reserved 1048576K
}
Event: 13.902 GC heap before
{Heap before GC invocations=57 (full 2):
 PSYoungGen      total 23040K, used 22813K [0x00000000d5580000, 0x00000000d6f00000, 0x0000000100000000)
  eden space 22016K, 100% used [0x00000000d5580000,0x00000000d6b00000,0x00000000d6b00000)
  from space 1024K, 77% used [0x00000000d6e00000,0x00000000d6ec77c0,0x00000000d6f00000)
  to   space 1024K, 0% used [0x00000000d6d00000,0x00000000d6d00000,0x00000000d6e00000)
 ParOldGen       total 76288K, used 75856K [0x0000000080000000, 0x0000000084a80000, 0x00000000d5580000)
  object space 76288K, 99% used [0x0000000080000000,0x0000000084a14110,0x0000000084a80000)
 Metaspace       used 56550K, committed 58112K, reserved 1114112K
  class space    used 6104K, committed 6784K, reserved 1048576K
}
Event: 13.903 GC heap after
{Heap after GC invocations=57 (full 2):
 PSYoungGen      total 23040K, used 651K [0x00000000d5580000, 0x00000000d6e80000, 0x0000000100000000)
  eden space 22016K, 0% used [0x00000000d5580000,0x00000000d5580000,0x00000000d6b00000)
  from space 1024K, 63% used [0x00000000d6d00000,0x00000000d6da2d50,0x00000000d6e00000)
  to   space 512K, 0% used [0x00000000d6e00000,0x00000000d6e00000,0x00000000d6e80000)
 ParOldGen       total 76800K, used 76312K [0x0000000080000000, 0x0000000084b00000, 0x00000000d5580000)
  object space 76800K, 99% used [0x0000000080000000,0x0000000084a86110,0x0000000084b00000)
 Metaspace       used 56550K, committed 58112K, reserved 1114112K
  class space    used 6104K, committed 6784K, reserved 1048576K
}
Event: 13.977 GC heap before
{Heap before GC invocations=58 (full 2):
 PSYoungGen      total 23040K, used 22667K [0x00000000d5580000, 0x00000000d6e80000, 0x0000000100000000)
  eden space 22016K, 100% used [0x00000000d5580000,0x00000000d6b00000,0x00000000d6b00000)
  from space 1024K, 63% used [0x00000000d6d00000,0x00000000d6da2d50,0x00000000d6e00000)
  to   space 512K, 0% used [0x00000000d6e00000,0x00000000d6e00000,0x00000000d6e80000)
 ParOldGen       total 76800K, used 76312K [0x0000000080000000, 0x0000000084b00000, 0x00000000d5580000)
  object space 76800K, 99% used [0x0000000080000000,0x0000000084a86110,0x0000000084b00000)
 Metaspace       used 56565K, committed 58112K, reserved 1114112K
  class space    used 6104K, committed 6784K, reserved 1048576K
}
Event: 13.979 GC heap after
{Heap after GC invocations=58 (full 2):
 PSYoungGen      total 22528K, used 498K [0x00000000d5580000, 0x00000000d7000000, 0x0000000100000000)
  eden space 22016K, 0% used [0x00000000d5580000,0x00000000d5580000,0x00000000d6b00000)
  from space 512K, 97% used [0x00000000d6e00000,0x00000000d6e7c858,0x00000000d6e80000)
  to   space 2560K, 0% used [0x00000000d6b00000,0x00000000d6b00000,0x00000000d6d80000)
 ParOldGen       total 77824K, used 77688K [0x0000000080000000, 0x0000000084c00000, 0x00000000d5580000)
  object space 77824K, 99% used [0x0000000080000000,0x0000000084bde110,0x0000000084c00000)
 Metaspace       used 56565K, committed 58112K, reserved 1114112K
  class space    used 6104K, committed 6784K, reserved 1048576K
}
Event: 14.191 GC heap before
{Heap before GC invocations=59 (full 2):
 PSYoungGen      total 22528K, used 22514K [0x00000000d5580000, 0x00000000d7000000, 0x0000000100000000)
  eden space 22016K, 100% used [0x00000000d5580000,0x00000000d6b00000,0x00000000d6b00000)
  from space 512K, 97% used [0x00000000d6e00000,0x00000000d6e7c858,0x00000000d6e80000)
  to   space 2560K, 0% used [0x00000000d6b00000,0x00000000d6b00000,0x00000000d6d80000)
 ParOldGen       total 77824K, used 77688K [0x0000000080000000, 0x0000000084c00000, 0x00000000d5580000)
  object space 77824K, 99% used [0x0000000080000000,0x0000000084bde110,0x0000000084c00000)
 Metaspace       used 57569K, committed 59136K, reserved 1114112K
  class space    used 6229K, committed 6912K, reserved 1048576K
}
Event: 14.193 GC heap after
{Heap after GC invocations=59 (full 2):
 PSYoungGen      total 24576K, used 480K [0x00000000d5580000, 0x00000000d6e80000, 0x0000000100000000)
  eden space 22016K, 0% used [0x00000000d5580000,0x00000000d5580000,0x00000000d6b00000)
  from space 2560K, 18% used [0x00000000d6b00000,0x00000000d6b78000,0x00000000d6d80000)
  to   space 1024K, 0% used [0x00000000d6d80000,0x00000000d6d80000,0x00000000d6e80000)
 ParOldGen       total 78336K, used 78120K [0x0000000080000000, 0x0000000084c80000, 0x00000000d5580000)
  object space 78336K, 99% used [0x0000000080000000,0x0000000084c4a110,0x0000000084c80000)
 Metaspace       used 57569K, committed 59136K, reserved 1114112K
  class space    used 6229K, committed 6912K, reserved 1048576K
}
Event: 14.255 GC heap before
{Heap before GC invocations=60 (full 2):
 PSYoungGen      total 24576K, used 7738K [0x00000000d5580000, 0x00000000d6e80000, 0x0000000100000000)
  eden space 22016K, 32% used [0x00000000d5580000,0x00000000d5c96838,0x00000000d6b00000)
  from space 2560K, 18% used [0x00000000d6b00000,0x00000000d6b78000,0x00000000d6d80000)
  to   space 1024K, 0% used [0x00000000d6d80000,0x00000000d6d80000,0x00000000d6e80000)
 ParOldGen       total 78336K, used 78120K [0x0000000080000000, 0x0000000084c80000, 0x00000000d5580000)
  object space 78336K, 99% used [0x0000000080000000,0x0000000084c4a110,0x0000000084c80000)
 Metaspace       used 58297K, committed 59776K, reserved 1114112K
  class space    used 6315K, committed 6976K, reserved 1048576K
}
Event: 14.257 GC heap after
{Heap after GC invocations=60 (full 2):
 PSYoungGen      total 22528K, used 416K [0x00000000d5580000, 0x00000000d6e00000, 0x0000000100000000)
  eden space 22016K, 0% used [0x00000000d5580000,0x00000000d5580000,0x00000000d6b00000)
  from space 512K, 81% used [0x00000000d6d80000,0x00000000d6de8000,0x00000000d6e00000)
  to   space 1024K, 0% used [0x00000000d6c00000,0x00000000d6c00000,0x00000000d6d00000)
 ParOldGen       total 78848K, used 78464K [0x0000000080000000, 0x0000000084d00000, 0x00000000d5580000)
  object space 78848K, 99% used [0x0000000080000000,0x0000000084ca0110,0x0000000084d00000)
 Metaspace       used 58297K, committed 59776K, reserved 1114112K
  class space    used 6315K, committed 6976K, reserved 1048576K
}
Event: 14.257 GC heap before
{Heap before GC invocations=61 (full 3):
 PSYoungGen      total 22528K, used 416K [0x00000000d5580000, 0x00000000d6e00000, 0x0000000100000000)
  eden space 22016K, 0% used [0x00000000d5580000,0x00000000d5580000,0x00000000d6b00000)
  from space 512K, 81% used [0x00000000d6d80000,0x00000000d6de8000,0x00000000d6e00000)
  to   space 1024K, 0% used [0x00000000d6c00000,0x00000000d6c00000,0x00000000d6d00000)
 ParOldGen       total 78848K, used 78464K [0x0000000080000000, 0x0000000084d00000, 0x00000000d5580000)
  object space 78848K, 99% used [0x0000000080000000,0x0000000084ca0110,0x0000000084d00000)
 Metaspace       used 58297K, committed 59776K, reserved 1114112K
  class space    used 6315K, committed 6976K, reserved 1048576K
}
Event: 14.351 GC heap after
{Heap after GC invocations=61 (full 3):
 PSYoungGen      total 22528K, used 0K [0x00000000d5580000, 0x00000000d6e00000, 0x0000000100000000)
  eden space 22016K, 0% used [0x00000000d5580000,0x00000000d5580000,0x00000000d6b00000)
  from space 512K, 0% used [0x00000000d6d80000,0x00000000d6d80000,0x00000000d6e00000)
  to   space 1024K, 0% used [0x00000000d6c00000,0x00000000d6c00000,0x00000000d6d00000)
 ParOldGen       total 78848K, used 61153K [0x0000000080000000, 0x0000000084d00000, 0x00000000d5580000)
  object space 78848K, 77% used [0x0000000080000000,0x0000000083bb84f8,0x0000000084d00000)
 Metaspace       used 58295K, committed 59776K, reserved 1114112K
  class space    used 6315K, committed 6976K, reserved 1048576K
}
Event: 14.688 GC heap before
{Heap before GC invocations=62 (full 3):
 PSYoungGen      total 22528K, used 22016K [0x00000000d5580000, 0x00000000d6e00000, 0x0000000100000000)
  eden space 22016K, 100% used [0x00000000d5580000,0x00000000d6b00000,0x00000000d6b00000)
  from space 512K, 0% used [0x00000000d6d80000,0x00000000d6d80000,0x00000000d6e00000)
  to   space 1024K, 0% used [0x00000000d6c00000,0x00000000d6c00000,0x00000000d6d00000)
 ParOldGen       total 78848K, used 61153K [0x0000000080000000, 0x0000000084d00000, 0x00000000d5580000)
  object space 78848K, 77% used [0x0000000080000000,0x0000000083bb84f8,0x0000000084d00000)
 Metaspace       used 59894K, committed 61440K, reserved 1114112K
  class space    used 6480K, committed 7168K, reserved 1048576K
}
Event: 14.692 GC heap after
{Heap after GC invocations=62 (full 3):
 PSYoungGen      total 23040K, used 1016K [0x00000000d5580000, 0x00000000d6e00000, 0x0000000100000000)
  eden space 22016K, 0% used [0x00000000d5580000,0x00000000d5580000,0x00000000d6b00000)
  from space 1024K, 99% used [0x00000000d6c00000,0x00000000d6cfe2d0,0x00000000d6d00000)
  to   space 1024K, 0% used [0x00000000d6d00000,0x00000000d6d00000,0x00000000d6e00000)
 ParOldGen       total 78848K, used 61161K [0x0000000080000000, 0x0000000084d00000, 0x00000000d5580000)
  object space 78848K, 77% used [0x0000000080000000,0x0000000083bba4f8,0x0000000084d00000)
 Metaspace       used 59894K, committed 61440K, reserved 1114112K
  class space    used 6480K, committed 7168K, reserved 1048576K
}
Event: 14.982 GC heap before
{Heap before GC invocations=63 (full 3):
 PSYoungGen      total 23040K, used 23032K [0x00000000d5580000, 0x00000000d6e00000, 0x0000000100000000)
  eden space 22016K, 100% used [0x00000000d5580000,0x00000000d6b00000,0x00000000d6b00000)
  from space 1024K, 99% used [0x00000000d6c00000,0x00000000d6cfe2d0,0x00000000d6d00000)
  to   space 1024K, 0% used [0x00000000d6d00000,0x00000000d6d00000,0x00000000d6e00000)
 ParOldGen       total 78848K, used 61161K [0x0000000080000000, 0x0000000084d00000, 0x00000000d5580000)
  object space 78848K, 77% used [0x0000000080000000,0x0000000083bba4f8,0x0000000084d00000)
 Metaspace       used 61118K, committed 62720K, reserved 1114112K
  class space    used 6594K, committed 7296K, reserved 1048576K
}
Event: 14.984 GC heap after
{Heap after GC invocations=63 (full 3):
 PSYoungGen      total 20992K, used 1021K [0x00000000d5580000, 0x00000000d7300000, 0x0000000100000000)
  eden space 19968K, 0% used [0x00000000d5580000,0x00000000d5580000,0x00000000d6900000)
  from space 1024K, 99% used [0x00000000d6d00000,0x00000000d6dff440,0x00000000d6e00000)
  to   space 4096K, 0% used [0x00000000d6900000,0x00000000d6900000,0x00000000d6d00000)
 ParOldGen       total 78848K, used 63425K [0x0000000080000000, 0x0000000084d00000, 0x00000000d5580000)
  object space 78848K, 80% used [0x0000000080000000,0x0000000083df0770,0x0000000084d00000)
 Metaspace       used 61118K, committed 62720K, reserved 1114112K
  class space    used 6594K, committed 7296K, reserved 1048576K
}
Event: 15.052 GC heap before
{Heap before GC invocations=64 (full 3):
 PSYoungGen      total 20992K, used 20989K [0x00000000d5580000, 0x00000000d7300000, 0x0000000100000000)
  eden space 19968K, 100% used [0x00000000d5580000,0x00000000d6900000,0x00000000d6900000)
  from space 1024K, 99% used [0x00000000d6d00000,0x00000000d6dff440,0x00000000d6e00000)
  to   space 4096K, 0% used [0x00000000d6900000,0x00000000d6900000,0x00000000d6d00000)
 ParOldGen       total 78848K, used 63425K [0x0000000080000000, 0x0000000084d00000, 0x00000000d5580000)
  object space 78848K, 80% used [0x0000000080000000,0x0000000083df0770,0x0000000084d00000)
 Metaspace       used 61142K, committed 62720K, reserved 1114112K
  class space    used 6595K, committed 7296K, reserved 1048576K
}
Event: 15.053 GC heap after
{Heap after GC invocations=64 (full 3):
 PSYoungGen      total 20992K, used 708K [0x00000000d5580000, 0x00000000d6d80000, 0x0000000100000000)
  eden space 19968K, 0% used [0x00000000d5580000,0x00000000d5580000,0x00000000d6900000)
  from space 1024K, 69% used [0x00000000d6900000,0x00000000d69b10e8,0x00000000d6a00000)
  to   space 2048K, 0% used [0x00000000d6b80000,0x00000000d6b80000,0x00000000d6d80000)
 ParOldGen       total 78848K, used 64298K [0x0000000080000000, 0x0000000084d00000, 0x00000000d5580000)
  object space 78848K, 81% used [0x0000000080000000,0x0000000083ecabe8,0x0000000084d00000)
 Metaspace       used 61142K, committed 62720K, reserved 1114112K
  class space    used 6595K, committed 7296K, reserved 1048576K
}
Event: 15.214 GC heap before
{Heap before GC invocations=65 (full 3):
 PSYoungGen      total 20992K, used 20676K [0x00000000d5580000, 0x00000000d6d80000, 0x0000000100000000)
  eden space 19968K, 100% used [0x00000000d5580000,0x00000000d6900000,0x00000000d6900000)
  from space 1024K, 69% used [0x00000000d6900000,0x00000000d69b10e8,0x00000000d6a00000)
  to   space 2048K, 0% used [0x00000000d6b80000,0x00000000d6b80000,0x00000000d6d80000)
 ParOldGen       total 78848K, used 64298K [0x0000000080000000, 0x0000000084d00000, 0x00000000d5580000)
  object space 78848K, 81% used [0x0000000080000000,0x0000000083ecabe8,0x0000000084d00000)
 Metaspace       used 62783K, committed 64320K, reserved 1114112K
  class space    used 6745K, committed 7424K, reserved 1048576K
}
Event: 15.215 GC heap after
{Heap after GC invocations=65 (full 3):
 PSYoungGen      total 20480K, used 384K [0x00000000d5580000, 0x00000000d6c00000, 0x0000000100000000)
  eden space 19968K, 0% used [0x00000000d5580000,0x00000000d5580000,0x00000000d6900000)
  from space 512K, 75% used [0x00000000d6b80000,0x00000000d6be0000,0x00000000d6c00000)
  to   space 1024K, 0% used [0x00000000d6a00000,0x00000000d6a00000,0x00000000d6b00000)
 ParOldGen       total 78848K, used 64668K [0x0000000080000000, 0x0000000084d00000, 0x00000000d5580000)
  object space 78848K, 82% used [0x0000000080000000,0x0000000083f27338,0x0000000084d00000)
 Metaspace       used 62783K, committed 64320K, reserved 1114112K
  class space    used 6745K, committed 7424K, reserved 1048576K
}

