# JRE version: OpenJDK Runtime Environment Temurin-21.0.10+7 (21.0.10+7) (build 21.0.10+7-LTS)
# Java VM: OpenJDK 64-Bit Server VM Temurin-21.0.10+7 (21.0.10+7-LTS, mixed mode, sharing, tiered, compressed oops, compressed class ptrs, parallel gc, windows-amd64)
GC Precious Log:
 CardTable entry size: 512
 CPUs: 12 total, 12 available
 Memory: 15710M
 Large Page Support: Disabled
 NUMA Support: Disabled
 Compressed Oops: Enabled (32-bit)
 Alignments: Space 512K, Generation 512K, Heap 2M
 Heap Min Capacity: 100M
 Heap Initial Capacity: 100M
 Heap Max Capacity: 2G
 Pre-touch: Disabled
 Parallel Workers: 10
Heap:
 PSYoungGen      total 18432K, used 16261K [0x00000000d5580000, 0x00000000d6800000, 0x0000000100000000)
  eden space 17408K, 90% used [0x00000000d5580000,0x00000000d64e9788,0x00000000d6680000)
  from space 1024K, 46% used [0x00000000d6680000,0x00000000d66f8000,0x00000000d6780000)
  to   space 512K, 0% used [0x00000000d6780000,0x00000000d6780000,0x00000000d6800000)
 ParOldGen       total 68608K, used 62319K [0x0000000080000000, 0x0000000084300000, 0x00000000d5580000)
  object space 68608K, 90% used [0x0000000080000000,0x0000000083cdbca0,0x0000000084300000)
 Metaspace       used 53175K, committed 54528K, reserved 1114112K
  class space    used 5721K, committed 6272K, reserved 1048576K
GC Heap History (20 events):
Event: 8.733 GC heap before
{Heap before GC invocations=48 (full 2):
 PSYoungGen      total 17920K, used 17764K [0x00000000d5580000, 0x00000000d6800000, 0x0000000100000000)
  eden space 17408K, 100% used [0x00000000d5580000,0x00000000d6680000,0x00000000d6680000)
  from space 512K, 69% used [0x00000000d6680000,0x00000000d66d92f8,0x00000000d6700000)
  to   space 512K, 0% used [0x00000000d6780000,0x00000000d6780000,0x00000000d6800000)
 ParOldGen       total 68608K, used 58442K [0x0000000080000000, 0x0000000084300000, 0x00000000d5580000)
  object space 68608K, 85% used [0x0000000080000000,0x0000000083912a90,0x0000000084300000)
 Metaspace       used 52044K, committed 53312K, reserved 1114112K
  class space    used 5607K, committed 6144K, reserved 1048576K
}
Event: 8.733 GC heap after
{Heap after GC invocations=48 (full 2):
 PSYoungGen      total 17920K, used 352K [0x00000000d5580000, 0x00000000d6800000, 0x0000000100000000)
  eden space 17408K, 0% used [0x00000000d5580000,0x00000000d5580000,0x00000000d6680000)
  from space 512K, 68% used [0x00000000d6780000,0x00000000d67d8000,0x00000000d6800000)
  to   space 512K, 0% used [0x00000000d6680000,0x00000000d6680000,0x00000000d6700000)
 ParOldGen       total 68608K, used 58522K [0x0000000080000000, 0x0000000084300000, 0x00000000d5580000)
  object space 68608K, 85% used [0x0000000080000000,0x0000000083926a90,0x0000000084300000)
 Metaspace       used 52044K, committed 53312K, reserved 1114112K
  class space    used 5607K, committed 6144K, reserved 1048576K
}
Event: 8.768 GC heap before
{Heap before GC invocations=49 (full 2):
 PSYoungGen      total 17920K, used 17760K [0x00000000d5580000, 0x00000000d6800000, 0x0000000100000000)
  eden space 17408K, 100% used [0x00000000d5580000,0x00000000d6680000,0x00000000d6680000)
  from space 512K, 68% used [0x00000000d6780000,0x00000000d67d8000,0x00000000d6800000)
  to   space 512K, 0% used [0x00000000d6680000,0x00000000d6680000,0x00000000d6700000)
 ParOldGen       total 68608K, used 58522K [0x0000000080000000, 0x0000000084300000, 0x00000000d5580000)
  object space 68608K, 85% used [0x0000000080000000,0x0000000083926a90,0x0000000084300000)
 Metaspace       used 52044K, committed 53312K, reserved 1114112K
  class space    used 5607K, committed 6144K, reserved 1048576K
}
Event: 8.768 GC heap after
{Heap after GC invocations=49 (full 2):
 PSYoungGen      total 17920K, used 402K [0x00000000d5580000, 0x00000000d6800000, 0x0000000100000000)
  eden space 17408K, 0% used [0x00000000d5580000,0x00000000d5580000,0x00000000d6680000)
  from space 512K, 78% used [0x00000000d6680000,0x00000000d66e4858,0x00000000d6700000)
  to   space 512K, 0% used [0x00000000d6780000,0x00000000d6780000,0x00000000d6800000)
 ParOldGen       total 68608K, used 58602K [0x0000000080000000, 0x0000000084300000, 0x00000000d5580000)
  object space 68608K, 85% used [0x0000000080000000,0x000000008393aa90,0x0000000084300000)
 Metaspace       used 52044K, committed 53312K, reserved 1114112K
  class space    used 5607K, committed 6144K, reserved 1048576K
}
Event: 8.836 GC heap before
{Heap before GC invocations=50 (full 2):
 PSYoungGen      total 17920K, used 17810K [0x00000000d5580000, 0x00000000d6800000, 0x0000000100000000)
  eden space 17408K, 100% used [0x00000000d5580000,0x00000000d6680000,0x00000000d6680000)
  from space 512K, 78% used [0x00000000d6680000,0x00000000d66e4858,0x00000000d6700000)
  to   space 512K, 0% used [0x00000000d6780000,0x00000000d6780000,0x00000000d6800000)
 ParOldGen       total 68608K, used 58602K [0x0000000080000000, 0x0000000084300000, 0x00000000d5580000)
  object space 68608K, 85% used [0x0000000080000000,0x000000008393aa90,0x0000000084300000)
 Metaspace       used 52163K, committed 53440K, reserved 1114112K
  class space    used 5619K, committed 6144K, reserved 1048576K
}
Event: 8.837 GC heap after
{Heap after GC invocations=50 (full 2):
 PSYoungGen      total 17920K, used 486K [0x00000000d5580000, 0x00000000d6880000, 0x0000000100000000)
  eden space 17408K, 0% used [0x00000000d5580000,0x00000000d5580000,0x00000000d6680000)
  from space 512K, 95% used [0x00000000d6780000,0x00000000d67f9b40,0x00000000d6800000)
  to   space 1024K, 0% used [0x00000000d6680000,0x00000000d6680000,0x00000000d6780000)
 ParOldGen       total 68608K, used 58690K [0x0000000080000000, 0x0000000084300000, 0x00000000d5580000)
  object space 68608K, 85% used [0x0000000080000000,0x0000000083950a90,0x0000000084300000)
 Metaspace       used 52163K, committed 53440K, reserved 1114112K
  class space    used 5619K, committed 6144K, reserved 1048576K
}
Event: 8.859 GC heap before
{Heap before GC invocations=51 (full 2):
 PSYoungGen      total 17920K, used 17894K [0x00000000d5580000, 0x00000000d6880000, 0x0000000100000000)
  eden space 17408K, 100% used [0x00000000d5580000,0x00000000d6680000,0x00000000d6680000)
  from space 512K, 95% used [0x00000000d6780000,0x00000000d67f9b40,0x00000000d6800000)
  to   space 1024K, 0% used [0x00000000d6680000,0x00000000d6680000,0x00000000d6780000)
 ParOldGen       total 68608K, used 58690K [0x0000000080000000, 0x0000000084300000, 0x00000000d5580000)
  object space 68608K, 85% used [0x0000000080000000,0x0000000083950a90,0x0000000084300000)
 Metaspace       used 52163K, committed 53440K, reserved 1114112K
  class space    used 5619K, committed 6144K, reserved 1048576K
}
Event: 8.860 GC heap after
{Heap after GC invocations=51 (full 2):
 PSYoungGen      total 18432K, used 951K [0x00000000d5580000, 0x00000000d6880000, 0x0000000100000000)
  eden space 17408K, 0% used [0x00000000d5580000,0x00000000d5580000,0x00000000d6680000)
  from space 1024K, 92% used [0x00000000d6680000,0x00000000d676de08,0x00000000d6780000)
  to   space 1024K, 0% used [0x00000000d6780000,0x00000000d6780000,0x00000000d6880000)
 ParOldGen       total 68608K, used 59007K [0x0000000080000000, 0x0000000084300000, 0x00000000d5580000)
  object space 68608K, 86% used [0x0000000080000000,0x000000008399fc90,0x0000000084300000)
 Metaspace       used 52163K, committed 53440K, reserved 1114112K
  class space    used 5619K, committed 6144K, reserved 1048576K
}
Event: 8.915 GC heap before
{Heap before GC invocations=52 (full 2):
 PSYoungGen      total 18432K, used 18359K [0x00000000d5580000, 0x00000000d6880000, 0x0000000100000000)
  eden space 17408K, 100% used [0x00000000d5580000,0x00000000d6680000,0x00000000d6680000)
  from space 1024K, 92% used [0x00000000d6680000,0x00000000d676de08,0x00000000d6780000)
  to   space 1024K, 0% used [0x00000000d6780000,0x00000000d6780000,0x00000000d6880000)
 ParOldGen       total 68608K, used 59007K [0x0000000080000000, 0x0000000084300000, 0x00000000d5580000)
  object space 68608K, 86% used [0x0000000080000000,0x000000008399fc90,0x0000000084300000)
 Metaspace       used 52203K, committed 53440K, reserved 1114112K
  class space    used 5619K, committed 6144K, reserved 1048576K
}
Event: 8.916 GC heap after
{Heap after GC invocations=52 (full 2):
 PSYoungGen      total 18432K, used 576K [0x00000000d5580000, 0x00000000d6880000, 0x0000000100000000)
  eden space 17408K, 0% used [0x00000000d5580000,0x00000000d5580000,0x00000000d6680000)
  from space 1024K, 56% used [0x00000000d6780000,0x00000000d6810000,0x00000000d6880000)
  to   space 1024K, 0% used [0x00000000d6680000,0x00000000d6680000,0x00000000d6780000)
 ParOldGen       total 68608K, used 59359K [0x0000000080000000, 0x0000000084300000, 0x00000000d5580000)
  object space 68608K, 86% used [0x0000000080000000,0x00000000839f7c90,0x0000000084300000)
 Metaspace       used 52203K, committed 53440K, reserved 1114112K
  class space    used 5619K, committed 6144K, reserved 1048576K
}
Event: 8.975 GC heap before
{Heap before GC invocations=53 (full 2):
 PSYoungGen      total 18432K, used 17984K [0x00000000d5580000, 0x00000000d6880000, 0x0000000100000000)
  eden space 17408K, 100% used [0x00000000d5580000,0x00000000d6680000,0x00000000d6680000)
  from space 1024K, 56% used [0x00000000d6780000,0x00000000d6810000,0x00000000d6880000)
  to   space 1024K, 0% used [0x00000000d6680000,0x00000000d6680000,0x00000000d6780000)
 ParOldGen       total 68608K, used 59359K [0x0000000080000000, 0x0000000084300000, 0x00000000d5580000)
  object space 68608K, 86% used [0x0000000080000000,0x00000000839f7c90,0x0000000084300000)
 Metaspace       used 52892K, committed 54272K, reserved 1114112K
  class space    used 5697K, committed 6272K, reserved 1048576K
}
Event: 8.976 GC heap after
{Heap after GC invocations=53 (full 2):
 PSYoungGen      total 18432K, used 672K [0x00000000d5580000, 0x00000000d6880000, 0x0000000100000000)
  eden space 17408K, 0% used [0x00000000d5580000,0x00000000d5580000,0x00000000d6680000)
  from space 1024K, 65% used [0x00000000d6680000,0x00000000d6728040,0x00000000d6780000)
  to   space 1024K, 0% used [0x00000000d6780000,0x00000000d6780000,0x00000000d6880000)
 ParOldGen       total 68608K, used 59735K [0x0000000080000000, 0x0000000084300000, 0x00000000d5580000)
  object space 68608K, 87% used [0x0000000080000000,0x0000000083a55c90,0x0000000084300000)
 Metaspace       used 52892K, committed 54272K, reserved 1114112K
  class space    used 5697K, committed 6272K, reserved 1048576K
}
Event: 9.039 GC heap before
{Heap before GC invocations=54 (full 2):
 PSYoungGen      total 18432K, used 18080K [0x00000000d5580000, 0x00000000d6880000, 0x0000000100000000)
  eden space 17408K, 100% used [0x00000000d5580000,0x00000000d6680000,0x00000000d6680000)
  from space 1024K, 65% used [0x00000000d6680000,0x00000000d6728040,0x00000000d6780000)
  to   space 1024K, 0% used [0x00000000d6780000,0x00000000d6780000,0x00000000d6880000)
 ParOldGen       total 68608K, used 59735K [0x0000000080000000, 0x0000000084300000, 0x00000000d5580000)
  object space 68608K, 87% used [0x0000000080000000,0x0000000083a55c90,0x0000000084300000)
 Metaspace       used 53147K, committed 54528K, reserved 1114112K
  class space    used 5721K, committed 6272K, reserved 1048576K
}
Event: 9.040 GC heap after
{Heap after GC invocations=54 (full 2):
 PSYoungGen      total 18432K, used 612K [0x00000000d5580000, 0x00000000d6880000, 0x0000000100000000)
  eden space 17408K, 0% used [0x00000000d5580000,0x00000000d5580000,0x00000000d6680000)
  from space 1024K, 59% used [0x00000000d6780000,0x00000000d6819198,0x00000000d6880000)
  to   space 1024K, 0% used [0x00000000d6680000,0x00000000d6680000,0x00000000d6780000)
 ParOldGen       total 68608K, used 60232K [0x0000000080000000, 0x0000000084300000, 0x00000000d5580000)
  object space 68608K, 87% used [0x0000000080000000,0x0000000083ad2350,0x0000000084300000)
 Metaspace       used 53147K, committed 54528K, reserved 1114112K
  class space    used 5721K, committed 6272K, reserved 1048576K
}
Event: 9.066 GC heap before
{Heap before GC invocations=55 (full 2):
 PSYoungGen      total 18432K, used 18020K [0x00000000d5580000, 0x00000000d6880000, 0x0000000100000000)
  eden space 17408K, 100% used [0x00000000d5580000,0x00000000d6680000,0x00000000d6680000)
  from space 1024K, 59% used [0x00000000d6780000,0x00000000d6819198,0x00000000d6880000)
  to   space 1024K, 0% used [0x00000000d6680000,0x00000000d6680000,0x00000000d6780000)
 ParOldGen       total 68608K, used 60232K [0x0000000080000000, 0x0000000084300000, 0x00000000d5580000)
  object space 68608K, 87% used [0x0000000080000000,0x0000000083ad2350,0x0000000084300000)
 Metaspace       used 53148K, committed 54528K, reserved 1114112K
  class space    used 5721K, committed 6272K, reserved 1048576K
}
Event: 9.067 GC heap after
{Heap after GC invocations=55 (full 2):
 PSYoungGen      total 18432K, used 649K [0x00000000d5580000, 0x00000000d6880000, 0x0000000100000000)
  eden space 17408K, 0% used [0x00000000d5580000,0x00000000d5580000,0x00000000d6680000)
  from space 1024K, 63% used [0x00000000d6680000,0x00000000d6722718,0x00000000d6780000)
  to   space 1024K, 0% used [0x00000000d6780000,0x00000000d6780000,0x00000000d6880000)
 ParOldGen       total 68608K, used 61477K [0x0000000080000000, 0x0000000084300000, 0x00000000d5580000)
  object space 68608K, 89% used [0x0000000080000000,0x0000000083c09588,0x0000000084300000)
 Metaspace       used 53148K, committed 54528K, reserved 1114112K
  class space    used 5721K, committed 6272K, reserved 1048576K
}
Event: 9.087 GC heap before
{Heap before GC invocations=56 (full 2):
 PSYoungGen      total 18432K, used 18057K [0x00000000d5580000, 0x00000000d6880000, 0x0000000100000000)
  eden space 17408K, 100% used [0x00000000d5580000,0x00000000d6680000,0x00000000d6680000)
  from space 1024K, 63% used [0x00000000d6680000,0x00000000d6722718,0x00000000d6780000)
  to   space 1024K, 0% used [0x00000000d6780000,0x00000000d6780000,0x00000000d6880000)
 ParOldGen       total 68608K, used 61477K [0x0000000080000000, 0x0000000084300000, 0x00000000d5580000)
  object space 68608K, 89% used [0x0000000080000000,0x0000000083c09588,0x0000000084300000)
 Metaspace       used 53152K, committed 54528K, reserved 1114112K
  class space    used 5721K, committed 6272K, reserved 1048576K
}
Event: 9.088 GC heap after
{Heap after GC invocations=56 (full 2):
 PSYoungGen      total 18432K, used 480K [0x00000000d5580000, 0x00000000d6880000, 0x0000000100000000)
  eden space 17408K, 0% used [0x00000000d5580000,0x00000000d5580000,0x00000000d6680000)
  from space 1024K, 46% used [0x00000000d6780000,0x00000000d67f8000,0x00000000d6880000)
  to   space 1024K, 0% used [0x00000000d6680000,0x00000000d6680000,0x00000000d6780000)
 ParOldGen       total 68608K, used 61967K [0x0000000080000000, 0x0000000084300000, 0x00000000d5580000)
  object space 68608K, 90% used [0x0000000080000000,0x0000000083c83ca0,0x0000000084300000)
 Metaspace       used 53152K, committed 54528K, reserved 1114112K
  class space    used 5721K, committed 6272K, reserved 1048576K
}
Event: 9.106 GC heap before
{Heap before GC invocations=57 (full 2):
 PSYoungGen      total 18432K, used 17888K [0x00000000d5580000, 0x00000000d6880000, 0x0000000100000000)
  eden space 17408K, 100% used [0x00000000d5580000,0x00000000d6680000,0x00000000d6680000)
  from space 1024K, 46% used [0x00000000d6780000,0x00000000d67f8000,0x00000000d6880000)
  to   space 1024K, 0% used [0x00000000d6680000,0x00000000d6680000,0x00000000d6780000)
 ParOldGen       total 68608K, used 61967K [0x0000000080000000, 0x0000000084300000, 0x00000000d5580000)
  object space 68608K, 90% used [0x0000000080000000,0x0000000083c83ca0,0x0000000084300000)
 Metaspace       used 53165K, committed 54528K, reserved 1114112K
  class space    used 5721K, committed 6272K, reserved 1048576K
}
Event: 9.107 GC heap after
{Heap after GC invocations=57 (full 2):
 PSYoungGen      total 18432K, used 480K [0x00000000d5580000, 0x00000000d6800000, 0x0000000100000000)
  eden space 17408K, 0% used [0x00000000d5580000,0x00000000d5580000,0x00000000d6680000)
  from space 1024K, 46% used [0x00000000d6680000,0x00000000d66f8000,0x00000000d6780000)
  to   space 512K, 0% used [0x00000000d6780000,0x00000000d6780000,0x00000000d6800000)
 ParOldGen       total 68608K, used 62319K [0x0000000080000000, 0x0000000084300000, 0x00000000d5580000)
  object space 68608K, 90% used [0x0000000080000000,0x0000000083cdbca0,0x0000000084300000)
 Metaspace       used 53165K, committed 54528K, reserved 1114112K
  class space    used 5721K, committed 6272K, reserved 1048576K
}

