# JRE version: OpenJDK Runtime Environment Temurin-21.0.10+7 (21.0.10+7) (build 21.0.10+7-LTS)
# Java VM: OpenJDK 64-Bit Server VM Temurin-21.0.10+7 (21.0.10+7-LTS, mixed mode, sharing, tiered, compressed oops, compressed class ptrs, parallel gc, windows-amd64)
GC Precious Log:
 CardTable entry size: 512
 CPUs: 12 total, 12 available
 Memory: 15710M
 Large Page Support: Disabled
 NUMA Support: Disabled
 Compressed Oops: Enabled (32-bit)
 Alignments: Space 512K, Generation 512K, Heap 2M
 Heap Min Capacity: 100M
 Heap Initial Capacity: 100M
 Heap Max Capacity: 2G
 Pre-touch: Disabled
 Parallel Workers: 10
Heap:
 PSYoungGen      total 2560K, used 1244K [0x00000000d5580000, 0x00000000d5980000, 0x0000000100000000)
  eden space 2048K, 52% used [0x00000000d5580000,0x00000000d568f2b0,0x00000000d5780000)
  from space 512K, 31% used [0x00000000d5880000,0x00000000d58a8000,0x00000000d5900000)
  to   space 512K, 0% used [0x00000000d5900000,0x00000000d5900000,0x00000000d5980000)
 ParOldGen       total 815104K, used 814952K [0x0000000080000000, 0x00000000b1c00000, 0x00000000d5580000)
  object space 815104K, 99% used [0x0000000080000000,0x00000000b1bda260,0x00000000b1c00000)
 Metaspace       used 73236K, committed 74816K, reserved 1179648K
  class space    used 7910K, committed 8576K, reserved 1048576K
GC Heap History (20 events):
Event: 57.625 GC heap before
{Heap before GC invocations=1435 (full 3):
 PSYoungGen      total 1024K, used 949K [0x00000000d5580000, 0x00000000d5a80000, 0x0000000100000000)
  eden space 512K, 100% used [0x00000000d5580000,0x00000000d5600000,0x00000000d5600000)
  from space 512K, 85% used [0x00000000d5600000,0x00000000d566d798,0x00000000d5680000)
  to   space 1536K, 0% used [0x00000000d5900000,0x00000000d5900000,0x00000000d5a80000)
 ParOldGen       total 813056K, used 812926K [0x0000000080000000, 0x00000000b1a00000, 0x00000000d5580000)
  object space 813056K, 99% used [0x0000000080000000,0x00000000b19df860,0x00000000b1a00000)
 Metaspace       used 73056K, committed 74624K, reserved 1179648K
  class space    used 7896K, committed 8576K, reserved 1048576K
}
Event: 57.628 GC heap after
{Heap after GC invocations=1435 (full 3):
 PSYoungGen      total 2048K, used 537K [0x00000000d5580000, 0x00000000d5a00000, 0x0000000100000000)
  eden space 1024K, 0% used [0x00000000d5580000,0x00000000d5580000,0x00000000d5680000)
  from space 1024K, 52% used [0x00000000d5900000,0x00000000d5986418,0x00000000d5a00000)
  to   space 1024K, 0% used [0x00000000d5800000,0x00000000d5800000,0x00000000d5900000)
 ParOldGen       total 813568K, used 813179K [0x0000000080000000, 0x00000000b1a80000, 0x00000000d5580000)
  object space 813568K, 99% used [0x0000000080000000,0x00000000b1a1ecf8,0x00000000b1a80000)
 Metaspace       used 73056K, committed 74624K, reserved 1179648K
  class space    used 7896K, committed 8576K, reserved 1048576K
}
Event: 57.634 GC heap before
{Heap before GC invocations=1436 (full 3):
 PSYoungGen      total 2048K, used 1561K [0x00000000d5580000, 0x00000000d5a00000, 0x0000000100000000)
  eden space 1024K, 100% used [0x00000000d5580000,0x00000000d5680000,0x00000000d5680000)
  from space 1024K, 52% used [0x00000000d5900000,0x00000000d5986418,0x00000000d5a00000)
  to   space 1024K, 0% used [0x00000000d5800000,0x00000000d5800000,0x00000000d5900000)
 ParOldGen       total 813568K, used 813179K [0x0000000080000000, 0x00000000b1a80000, 0x00000000d5580000)
  object space 813568K, 99% used [0x0000000080000000,0x00000000b1a1ecf8,0x00000000b1a80000)
 Metaspace       used 73057K, committed 74624K, reserved 1179648K
  class space    used 7896K, committed 8576K, reserved 1048576K
}
Event: 57.635 GC heap after
{Heap after GC invocations=1436 (full 3):
 PSYoungGen      total 2560K, used 384K [0x00000000d5580000, 0x00000000d5980000, 0x0000000100000000)
  eden space 1536K, 0% used [0x00000000d5580000,0x00000000d5580000,0x00000000d5700000)
  from space 1024K, 37% used [0x00000000d5800000,0x00000000d5860000,0x00000000d5900000)
  to   space 512K, 0% used [0x00000000d5900000,0x00000000d5900000,0x00000000d5980000)
 ParOldGen       total 813568K, used 813548K [0x0000000080000000, 0x00000000b1a80000, 0x00000000d5580000)
  object space 813568K, 99% used [0x0000000080000000,0x00000000b1a7b180,0x00000000b1a80000)
 Metaspace       used 73057K, committed 74624K, reserved 1179648K
  class space    used 7896K, committed 8576K, reserved 1048576K
}
Event: 57.646 GC heap before
{Heap before GC invocations=1437 (full 3):
 PSYoungGen      total 2560K, used 1913K [0x00000000d5580000, 0x00000000d5980000, 0x0000000100000000)
  eden space 1536K, 99% used [0x00000000d5580000,0x00000000d56fe7e8,0x00000000d5700000)
  from space 1024K, 37% used [0x00000000d5800000,0x00000000d5860000,0x00000000d5900000)
  to   space 512K, 0% used [0x00000000d5900000,0x00000000d5900000,0x00000000d5980000)
 ParOldGen       total 813568K, used 813548K [0x0000000080000000, 0x00000000b1a80000, 0x00000000d5580000)
  object space 813568K, 99% used [0x0000000080000000,0x00000000b1a7b180,0x00000000b1a80000)
 Metaspace       used 73088K, committed 74688K, reserved 1179648K
  class space    used 7897K, committed 8576K, reserved 1048576K
}
Event: 57.648 GC heap after
{Heap after GC invocations=1437 (full 3):
 PSYoungGen      total 2048K, used 486K [0x00000000d5580000, 0x00000000d5980000, 0x0000000100000000)
  eden space 1536K, 0% used [0x00000000d5580000,0x00000000d5580000,0x00000000d5700000)
  from space 512K, 94% used [0x00000000d5900000,0x00000000d5979920,0x00000000d5980000)
  to   space 512K, 0% used [0x00000000d5880000,0x00000000d5880000,0x00000000d5900000)
 ParOldGen       total 814080K, used 813705K [0x0000000080000000, 0x00000000b1b00000, 0x00000000d5580000)
  object space 814080K, 99% used [0x0000000080000000,0x00000000b1aa2558,0x00000000b1b00000)
 Metaspace       used 73088K, committed 74688K, reserved 1179648K
  class space    used 7897K, committed 8576K, reserved 1048576K
}
Event: 57.653 GC heap before
{Heap before GC invocations=1438 (full 3):
 PSYoungGen      total 2048K, used 2022K [0x00000000d5580000, 0x00000000d5980000, 0x0000000100000000)
  eden space 1536K, 100% used [0x00000000d5580000,0x00000000d5700000,0x00000000d5700000)
  from space 512K, 94% used [0x00000000d5900000,0x00000000d5979920,0x00000000d5980000)
  to   space 512K, 0% used [0x00000000d5880000,0x00000000d5880000,0x00000000d5900000)
 ParOldGen       total 814080K, used 813705K [0x0000000080000000, 0x00000000b1b00000, 0x00000000d5580000)
  object space 814080K, 99% used [0x0000000080000000,0x00000000b1aa2558,0x00000000b1b00000)
 Metaspace       used 73088K, committed 74688K, reserved 1179648K
  class space    used 7897K, committed 8576K, reserved 1048576K
}
Event: 57.655 GC heap after
{Heap after GC invocations=1438 (full 3):
 PSYoungGen      total 2560K, used 492K [0x00000000d5580000, 0x00000000d5980000, 0x0000000100000000)
  eden space 2048K, 0% used [0x00000000d5580000,0x00000000d5580000,0x00000000d5780000)
  from space 512K, 96% used [0x00000000d5880000,0x00000000d58fb210,0x00000000d5900000)
  to   space 512K, 0% used [0x00000000d5900000,0x00000000d5900000,0x00000000d5980000)
 ParOldGen       total 814080K, used 814001K [0x0000000080000000, 0x00000000b1b00000, 0x00000000d5580000)
  object space 814080K, 99% used [0x0000000080000000,0x00000000b1aec558,0x00000000b1b00000)
 Metaspace       used 73088K, committed 74688K, reserved 1179648K
  class space    used 7897K, committed 8576K, reserved 1048576K
}
Event: 57.687 GC heap before
{Heap before GC invocations=1439 (full 3):
 PSYoungGen      total 2560K, used 2506K [0x00000000d5580000, 0x00000000d5980000, 0x0000000100000000)
  eden space 2048K, 98% used [0x00000000d5580000,0x00000000d5777788,0x00000000d5780000)
  from space 512K, 96% used [0x00000000d5880000,0x00000000d58fb210,0x00000000d5900000)
  to   space 512K, 0% used [0x00000000d5900000,0x00000000d5900000,0x00000000d5980000)
 ParOldGen       total 814080K, used 814001K [0x0000000080000000, 0x00000000b1b00000, 0x00000000d5580000)
  object space 814080K, 99% used [0x0000000080000000,0x00000000b1aec558,0x00000000b1b00000)
 Metaspace       used 73150K, committed 74752K, reserved 1179648K
  class space    used 7905K, committed 8576K, reserved 1048576K
}
Event: 57.689 GC heap after
{Heap after GC invocations=1439 (full 3):
 PSYoungGen      total 2560K, used 392K [0x00000000d5580000, 0x00000000d5980000, 0x0000000100000000)
  eden space 2048K, 0% used [0x00000000d5580000,0x00000000d5580000,0x00000000d5780000)
  from space 512K, 76% used [0x00000000d5900000,0x00000000d5962010,0x00000000d5980000)
  to   space 512K, 0% used [0x00000000d5880000,0x00000000d5880000,0x00000000d5900000)
 ParOldGen       total 815104K, used 814664K [0x0000000080000000, 0x00000000b1c00000, 0x00000000d5580000)
  object space 815104K, 99% used [0x0000000080000000,0x00000000b1b92260,0x00000000b1c00000)
 Metaspace       used 73150K, committed 74752K, reserved 1179648K
  class space    used 7905K, committed 8576K, reserved 1048576K
}
Event: 57.791 GC heap before
{Heap before GC invocations=1440 (full 3):
 PSYoungGen      total 2560K, used 2440K [0x00000000d5580000, 0x00000000d5980000, 0x0000000100000000)
  eden space 2048K, 100% used [0x00000000d5580000,0x00000000d5780000,0x00000000d5780000)
  from space 512K, 76% used [0x00000000d5900000,0x00000000d5962010,0x00000000d5980000)
  to   space 512K, 0% used [0x00000000d5880000,0x00000000d5880000,0x00000000d5900000)
 ParOldGen       total 815104K, used 814664K [0x0000000080000000, 0x00000000b1c00000, 0x00000000d5580000)
  object space 815104K, 99% used [0x0000000080000000,0x00000000b1b92260,0x00000000b1c00000)
 Metaspace       used 73164K, committed 74752K, reserved 1179648K
  class space    used 7907K, committed 8576K, reserved 1048576K
}
Event: 57.793 GC heap after
{Heap after GC invocations=1440 (full 3):
 PSYoungGen      total 2560K, used 224K [0x00000000d5580000, 0x00000000d5980000, 0x0000000100000000)
  eden space 2048K, 0% used [0x00000000d5580000,0x00000000d5580000,0x00000000d5780000)
  from space 512K, 43% used [0x00000000d5880000,0x00000000d58b8000,0x00000000d5900000)
  to   space 512K, 0% used [0x00000000d5900000,0x00000000d5900000,0x00000000d5980000)
 ParOldGen       total 815104K, used 814784K [0x0000000080000000, 0x00000000b1c00000, 0x00000000d5580000)
  object space 815104K, 99% used [0x0000000080000000,0x00000000b1bb0260,0x00000000b1c00000)
 Metaspace       used 73164K, committed 74752K, reserved 1179648K
  class space    used 7907K, committed 8576K, reserved 1048576K
}
Event: 57.924 GC heap before
{Heap before GC invocations=1441 (full 3):
 PSYoungGen      total 2560K, used 2272K [0x00000000d5580000, 0x00000000d5980000, 0x0000000100000000)
  eden space 2048K, 100% used [0x00000000d5580000,0x00000000d5780000,0x00000000d5780000)
  from space 512K, 43% used [0x00000000d5880000,0x00000000d58b8000,0x00000000d5900000)
  to   space 512K, 0% used [0x00000000d5900000,0x00000000d5900000,0x00000000d5980000)
 ParOldGen       total 815104K, used 814784K [0x0000000080000000, 0x00000000b1c00000, 0x00000000d5580000)
  object space 815104K, 99% used [0x0000000080000000,0x00000000b1bb0260,0x00000000b1c00000)
 Metaspace       used 73175K, committed 74752K, reserved 1179648K
  class space    used 7907K, committed 8576K, reserved 1048576K
}
Event: 57.925 GC heap after
{Heap after GC invocations=1441 (full 3):
 PSYoungGen      total 2560K, used 128K [0x00000000d5580000, 0x00000000d5980000, 0x0000000100000000)
  eden space 2048K, 0% used [0x00000000d5580000,0x00000000d5580000,0x00000000d5780000)
  from space 512K, 25% used [0x00000000d5900000,0x00000000d5920000,0x00000000d5980000)
  to   space 512K, 0% used [0x00000000d5880000,0x00000000d5880000,0x00000000d5900000)
 ParOldGen       total 815104K, used 814856K [0x0000000080000000, 0x00000000b1c00000, 0x00000000d5580000)
  object space 815104K, 99% used [0x0000000080000000,0x00000000b1bc2260,0x00000000b1c00000)
 Metaspace       used 73175K, committed 74752K, reserved 1179648K
  class space    used 7907K, committed 8576K, reserved 1048576K
}
Event: 58.054 GC heap before
{Heap before GC invocations=1442 (full 3):
 PSYoungGen      total 2560K, used 2176K [0x00000000d5580000, 0x00000000d5980000, 0x0000000100000000)
  eden space 2048K, 100% used [0x00000000d5580000,0x00000000d5780000,0x00000000d5780000)
  from space 512K, 25% used [0x00000000d5900000,0x00000000d5920000,0x00000000d5980000)
  to   space 512K, 0% used [0x00000000d5880000,0x00000000d5880000,0x00000000d5900000)
 ParOldGen       total 815104K, used 814856K [0x0000000080000000, 0x00000000b1c00000, 0x00000000d5580000)
  object space 815104K, 99% used [0x0000000080000000,0x00000000b1bc2260,0x00000000b1c00000)
 Metaspace       used 73189K, committed 74752K, reserved 1179648K
  class space    used 7907K, committed 8576K, reserved 1048576K
}
Event: 58.055 GC heap after
{Heap after GC invocations=1442 (full 3):
 PSYoungGen      total 2560K, used 128K [0x00000000d5580000, 0x00000000d5980000, 0x0000000100000000)
  eden space 2048K, 0% used [0x00000000d5580000,0x00000000d5580000,0x00000000d5780000)
  from space 512K, 25% used [0x00000000d5880000,0x00000000d58a0000,0x00000000d5900000)
  to   space 512K, 0% used [0x00000000d5900000,0x00000000d5900000,0x00000000d5980000)
 ParOldGen       total 815104K, used 814904K [0x0000000080000000, 0x00000000b1c00000, 0x00000000d5580000)
  object space 815104K, 99% used [0x0000000080000000,0x00000000b1bce260,0x00000000b1c00000)
 Metaspace       used 73189K, committed 74752K, reserved 1179648K
  class space    used 7907K, committed 8576K, reserved 1048576K
}
Event: 58.167 GC heap before
{Heap before GC invocations=1443 (full 3):
 PSYoungGen      total 2560K, used 2176K [0x00000000d5580000, 0x00000000d5980000, 0x0000000100000000)
  eden space 2048K, 100% used [0x00000000d5580000,0x00000000d5780000,0x00000000d5780000)
  from space 512K, 25% used [0x00000000d5880000,0x00000000d58a0000,0x00000000d5900000)
  to   space 512K, 0% used [0x00000000d5900000,0x00000000d5900000,0x00000000d5980000)
 ParOldGen       total 815104K, used 814904K [0x0000000080000000, 0x00000000b1c00000, 0x00000000d5580000)
  object space 815104K, 99% used [0x0000000080000000,0x00000000b1bce260,0x00000000b1c00000)
 Metaspace       used 73190K, committed 74752K, reserved 1179648K
  class space    used 7907K, committed 8576K, reserved 1048576K
}
Event: 58.168 GC heap after
{Heap after GC invocations=1443 (full 3):
 PSYoungGen      total 2560K, used 128K [0x00000000d5580000, 0x00000000d5980000, 0x0000000100000000)
  eden space 2048K, 0% used [0x00000000d5580000,0x00000000d5580000,0x00000000d5780000)
  from space 512K, 25% used [0x00000000d5900000,0x00000000d5920000,0x00000000d5980000)
  to   space 512K, 0% used [0x00000000d5880000,0x00000000d5880000,0x00000000d5900000)
 ParOldGen       total 815104K, used 814944K [0x0000000080000000, 0x00000000b1c00000, 0x00000000d5580000)
  object space 815104K, 99% used [0x0000000080000000,0x00000000b1bd8260,0x00000000b1c00000)
 Metaspace       used 73190K, committed 74752K, reserved 1179648K
  class space    used 7907K, committed 8576K, reserved 1048576K
}
Event: 58.292 GC heap before
{Heap before GC invocations=1444 (full 3):
 PSYoungGen      total 2560K, used 2176K [0x00000000d5580000, 0x00000000d5980000, 0x0000000100000000)
  eden space 2048K, 100% used [0x00000000d5580000,0x00000000d5780000,0x00000000d5780000)
  from space 512K, 25% used [0x00000000d5900000,0x00000000d5920000,0x00000000d5980000)
  to   space 512K, 0% used [0x00000000d5880000,0x00000000d5880000,0x00000000d5900000)
 ParOldGen       total 815104K, used 814944K [0x0000000080000000, 0x00000000b1c00000, 0x00000000d5580000)
  object space 815104K, 99% used [0x0000000080000000,0x00000000b1bd8260,0x00000000b1c00000)
 Metaspace       used 73192K, committed 74752K, reserved 1179648K
  class space    used 7907K, committed 8576K, reserved 1048576K
}
Event: 58.294 GC heap after
{Heap after GC invocations=1444 (full 3):
 PSYoungGen      total 2560K, used 160K [0x00000000d5580000, 0x00000000d5980000, 0x0000000100000000)
  eden space 2048K, 0% used [0x00000000d5580000,0x00000000d5580000,0x00000000d5780000)
  from space 512K, 31% used [0x00000000d5880000,0x00000000d58a8000,0x00000000d5900000)
  to   space 512K, 0% used [0x00000000d5900000,0x00000000d5900000,0x00000000d5980000)
 ParOldGen       total 815104K, used 814952K [0x0000000080000000, 0x00000000b1c00000, 0x00000000d5580000)
  object space 815104K, 99% used [0x0000000080000000,0x00000000b1bda260,0x00000000b1c00000)
 Metaspace       used 73192K, committed 74752K, reserved 1179648K
  class space    used 7907K, committed 8576K, reserved 1048576K
}

