# JRE version: OpenJDK Runtime Environment Temurin-21.0.10+7 (21.0.10+7) (build 21.0.10+7-LTS)
# Java VM: OpenJDK 64-Bit Server VM Temurin-21.0.10+7 (21.0.10+7-LTS, mixed mode, sharing, tiered, compressed oops, compressed class ptrs, parallel gc, windows-amd64)
GC Precious Log:
 CardTable entry size: 512
 CPUs: 12 total, 12 available
 Memory: 15710M
 Large Page Support: Disabled
 NUMA Support: Disabled
 Compressed Oops: Enabled (32-bit)
 Alignments: Space 512K, Generation 512K, Heap 2M
 Heap Min Capacity: 100M
 Heap Initial Capacity: 100M
 Heap Max Capacity: 2G
 Pre-touch: Disabled
 Parallel Workers: 10
Heap:
 PSYoungGen      total 4096K, used 1370K [0x00000000d5580000, 0x00000000d5c00000, 0x0000000100000000)
  eden space 3072K, 13% used [0x00000000d5580000,0x00000000d55eaa80,0x00000000d5880000)
  from space 1024K, 92% used [0x00000000d5880000,0x00000000d596c020,0x00000000d5980000)
  to   space 1536K, 0% used [0x00000000d5a80000,0x00000000d5a80000,0x00000000d5c00000)
 ParOldGen       total 425472K, used 425360K [0x0000000080000000, 0x0000000099f80000, 0x00000000d5580000)
  object space 425472K, 99% used [0x0000000080000000,0x0000000099f642a0,0x0000000099f80000)
 Metaspace       used 78107K, committed 79808K, reserved 1179648K
  class space    used 8111K, committed 8896K, reserved 1048576K
GC Heap History (20 events):
Event: 468.663 GC heap before
{Heap before GC invocations=435 (full 3):
 PSYoungGen      total 3072K, used 2816K [0x00000000d5580000, 0x00000000d5980000, 0x0000000100000000)
  eden space 2560K, 100% used [0x00000000d5580000,0x00000000d5800000,0x00000000d5800000)
  from space 512K, 50% used [0x00000000d5880000,0x00000000d58c0000,0x00000000d5900000)
  to   space 512K, 0% used [0x00000000d5900000,0x00000000d5900000,0x00000000d5980000)
 ParOldGen       total 414720K, used 414673K [0x0000000080000000, 0x0000000099500000, 0x00000000d5580000)
  object space 414720K, 99% used [0x0000000080000000,0x00000000994f4650,0x0000000099500000)
 Metaspace       used 78055K, committed 79808K, reserved 1179648K
  class space    used 8111K, committed 8896K, reserved 1048576K
}
Event: 468.665 GC heap after
{Heap after GC invocations=435 (full 3):
 PSYoungGen      total 3072K, used 352K [0x00000000d5580000, 0x00000000d5980000, 0x0000000100000000)
  eden space 2560K, 0% used [0x00000000d5580000,0x00000000d5580000,0x00000000d5800000)
  from space 512K, 68% used [0x00000000d5900000,0x00000000d5958000,0x00000000d5980000)
  to   space 512K, 0% used [0x00000000d5880000,0x00000000d5880000,0x00000000d5900000)
 ParOldGen       total 414720K, used 414697K [0x0000000080000000, 0x0000000099500000, 0x00000000d5580000)
  object space 414720K, 99% used [0x0000000080000000,0x00000000994fa650,0x0000000099500000)
 Metaspace       used 78055K, committed 79808K, reserved 1179648K
  class space    used 8111K, committed 8896K, reserved 1048576K
}
Event: 469.410 GC heap before
{Heap before GC invocations=436 (full 3):
 PSYoungGen      total 3072K, used 2912K [0x00000000d5580000, 0x00000000d5980000, 0x0000000100000000)
  eden space 2560K, 100% used [0x00000000d5580000,0x00000000d5800000,0x00000000d5800000)
  from space 512K, 68% used [0x00000000d5900000,0x00000000d5958000,0x00000000d5980000)
  to   space 512K, 0% used [0x00000000d5880000,0x00000000d5880000,0x00000000d5900000)
 ParOldGen       total 414720K, used 414697K [0x0000000080000000, 0x0000000099500000, 0x00000000d5580000)
  object space 414720K, 99% used [0x0000000080000000,0x00000000994fa650,0x0000000099500000)
 Metaspace       used 78064K, committed 79808K, reserved 1179648K
  class space    used 8111K, committed 8896K, reserved 1048576K
}
Event: 469.412 GC heap after
{Heap after GC invocations=436 (full 3):
 PSYoungGen      total 3072K, used 256K [0x00000000d5580000, 0x00000000d5980000, 0x0000000100000000)
  eden space 2560K, 0% used [0x00000000d5580000,0x00000000d5580000,0x00000000d5800000)
  from space 512K, 50% used [0x00000000d5880000,0x00000000d58c0000,0x00000000d5900000)
  to   space 512K, 0% used [0x00000000d5900000,0x00000000d5900000,0x00000000d5980000)
 ParOldGen       total 415232K, used 414745K [0x0000000080000000, 0x0000000099580000, 0x00000000d5580000)
  object space 415232K, 99% used [0x0000000080000000,0x0000000099506650,0x0000000099580000)
 Metaspace       used 78064K, committed 79808K, reserved 1179648K
  class space    used 8111K, committed 8896K, reserved 1048576K
}
Event: 514.902 GC heap before
{Heap before GC invocations=437 (full 3):
 PSYoungGen      total 3072K, used 2816K [0x00000000d5580000, 0x00000000d5980000, 0x0000000100000000)
  eden space 2560K, 100% used [0x00000000d5580000,0x00000000d5800000,0x00000000d5800000)
  from space 512K, 50% used [0x00000000d5880000,0x00000000d58c0000,0x00000000d5900000)
  to   space 512K, 0% used [0x00000000d5900000,0x00000000d5900000,0x00000000d5980000)
 ParOldGen       total 415232K, used 414745K [0x0000000080000000, 0x0000000099580000, 0x00000000d5580000)
  object space 415232K, 99% used [0x0000000080000000,0x0000000099506650,0x0000000099580000)
 Metaspace       used 78066K, committed 79808K, reserved 1179648K
  class space    used 8111K, committed 8896K, reserved 1048576K
}
Event: 514.905 GC heap after
{Heap after GC invocations=437 (full 3):
 PSYoungGen      total 2048K, used 499K [0x00000000d5580000, 0x00000000d5c00000, 0x0000000100000000)
  eden space 1536K, 0% used [0x00000000d5580000,0x00000000d5580000,0x00000000d5700000)
  from space 512K, 97% used [0x00000000d5900000,0x00000000d597cf90,0x00000000d5980000)
  to   space 2048K, 0% used [0x00000000d5700000,0x00000000d5700000,0x00000000d5900000)
 ParOldGen       total 415744K, used 415669K [0x0000000080000000, 0x0000000099600000, 0x00000000d5580000)
  object space 415744K, 99% used [0x0000000080000000,0x00000000995ed5e0,0x0000000099600000)
 Metaspace       used 78066K, committed 79808K, reserved 1179648K
  class space    used 8111K, committed 8896K, reserved 1048576K
}
Event: 514.909 GC heap before
{Heap before GC invocations=438 (full 3):
 PSYoungGen      total 2048K, used 2035K [0x00000000d5580000, 0x00000000d5c00000, 0x0000000100000000)
  eden space 1536K, 100% used [0x00000000d5580000,0x00000000d5700000,0x00000000d5700000)
  from space 512K, 97% used [0x00000000d5900000,0x00000000d597cf90,0x00000000d5980000)
  to   space 2048K, 0% used [0x00000000d5700000,0x00000000d5700000,0x00000000d5900000)
 ParOldGen       total 415744K, used 415669K [0x0000000080000000, 0x0000000099600000, 0x00000000d5580000)
  object space 415744K, 99% used [0x0000000080000000,0x00000000995ed5e0,0x0000000099600000)
 Metaspace       used 78066K, committed 79808K, reserved 1179648K
  class space    used 8111K, committed 8896K, reserved 1048576K
}
Event: 514.912 GC heap after
{Heap after GC invocations=438 (full 3):
 PSYoungGen      total 3584K, used 1696K [0x00000000d5580000, 0x00000000d5b00000, 0x0000000100000000)
  eden space 1536K, 0% used [0x00000000d5580000,0x00000000d5580000,0x00000000d5700000)
  from space 2048K, 82% used [0x00000000d5700000,0x00000000d58a8000,0x00000000d5900000)
  to   space 2048K, 0% used [0x00000000d5900000,0x00000000d5900000,0x00000000d5b00000)
 ParOldGen       total 416256K, used 416169K [0x0000000080000000, 0x0000000099680000, 0x00000000d5580000)
  object space 416256K, 99% used [0x0000000080000000,0x000000009966a580,0x0000000099680000)
 Metaspace       used 78066K, committed 79808K, reserved 1179648K
  class space    used 8111K, committed 8896K, reserved 1048576K
}
Event: 514.917 GC heap before
{Heap before GC invocations=439 (full 3):
 PSYoungGen      total 3584K, used 3232K [0x00000000d5580000, 0x00000000d5b00000, 0x0000000100000000)
  eden space 1536K, 100% used [0x00000000d5580000,0x00000000d5700000,0x00000000d5700000)
  from space 2048K, 82% used [0x00000000d5700000,0x00000000d58a8000,0x00000000d5900000)
  to   space 2048K, 0% used [0x00000000d5900000,0x00000000d5900000,0x00000000d5b00000)
 ParOldGen       total 416256K, used 416169K [0x0000000080000000, 0x0000000099680000, 0x00000000d5580000)
  object space 416256K, 99% used [0x0000000080000000,0x000000009966a580,0x0000000099680000)
 Metaspace       used 78066K, committed 79808K, reserved 1179648K
  class space    used 8111K, committed 8896K, reserved 1048576K
}
Event: 514.921 GC heap after
{Heap after GC invocations=439 (full 3):
 PSYoungGen      total 3584K, used 1664K [0x00000000d5580000, 0x00000000d5b00000, 0x0000000100000000)
  eden space 1536K, 0% used [0x00000000d5580000,0x00000000d5580000,0x00000000d5700000)
  from space 2048K, 81% used [0x00000000d5900000,0x00000000d5aa0000,0x00000000d5b00000)
  to   space 2048K, 0% used [0x00000000d5700000,0x00000000d5700000,0x00000000d5900000)
 ParOldGen       total 417792K, used 417697K [0x0000000080000000, 0x0000000099800000, 0x00000000d5580000)
  object space 417792K, 99% used [0x0000000080000000,0x00000000997e8580,0x0000000099800000)
 Metaspace       used 78066K, committed 79808K, reserved 1179648K
  class space    used 8111K, committed 8896K, reserved 1048576K
}
Event: 514.926 GC heap before
{Heap before GC invocations=440 (full 3):
 PSYoungGen      total 3584K, used 3082K [0x00000000d5580000, 0x00000000d5b00000, 0x0000000100000000)
  eden space 1536K, 92% used [0x00000000d5580000,0x00000000d56e29a8,0x00000000d5700000)
  from space 2048K, 81% used [0x00000000d5900000,0x00000000d5aa0000,0x00000000d5b00000)
  to   space 2048K, 0% used [0x00000000d5700000,0x00000000d5700000,0x00000000d5900000)
 ParOldGen       total 417792K, used 417697K [0x0000000080000000, 0x0000000099800000, 0x00000000d5580000)
  object space 417792K, 99% used [0x0000000080000000,0x00000000997e8580,0x0000000099800000)
 Metaspace       used 78066K, committed 79808K, reserved 1179648K
  class space    used 8111K, committed 8896K, reserved 1048576K
}
Event: 514.930 GC heap after
{Heap after GC invocations=440 (full 3):
 PSYoungGen      total 3584K, used 1384K [0x00000000d5580000, 0x00000000d5a80000, 0x0000000100000000)
  eden space 1536K, 0% used [0x00000000d5580000,0x00000000d5580000,0x00000000d5700000)
  from space 2048K, 67% used [0x00000000d5700000,0x00000000d585a200,0x00000000d5900000)
  to   space 1536K, 0% used [0x00000000d5900000,0x00000000d5900000,0x00000000d5a80000)
 ParOldGen       total 419328K, used 419241K [0x0000000080000000, 0x0000000099980000, 0x00000000d5580000)
  object space 419328K, 99% used [0x0000000080000000,0x000000009996a580,0x0000000099980000)
 Metaspace       used 78066K, committed 79808K, reserved 1179648K
  class space    used 8111K, committed 8896K, reserved 1048576K
}
Event: 514.952 GC heap before
{Heap before GC invocations=441 (full 3):
 PSYoungGen      total 3584K, used 2841K [0x00000000d5580000, 0x00000000d5a80000, 0x0000000100000000)
  eden space 1536K, 94% used [0x00000000d5580000,0x00000000d56ec5d0,0x00000000d5700000)
  from space 2048K, 67% used [0x00000000d5700000,0x00000000d585a200,0x00000000d5900000)
  to   space 1536K, 0% used [0x00000000d5900000,0x00000000d5900000,0x00000000d5a80000)
 ParOldGen       total 419328K, used 419241K [0x0000000080000000, 0x0000000099980000, 0x00000000d5580000)
  object space 419328K, 99% used [0x0000000080000000,0x000000009996a580,0x0000000099980000)
 Metaspace       used 78066K, committed 79808K, reserved 1179648K
  class space    used 8111K, committed 8896K, reserved 1048576K
}
Event: 514.955 GC heap after
{Heap after GC invocations=441 (full 3):
 PSYoungGen      total 3584K, used 1314K [0x00000000d5580000, 0x00000000d5a80000, 0x0000000100000000)
  eden space 2048K, 0% used [0x00000000d5580000,0x00000000d5580000,0x00000000d5780000)
  from space 1536K, 85% used [0x00000000d5900000,0x00000000d5a48800,0x00000000d5a80000)
  to   space 1536K, 0% used [0x00000000d5780000,0x00000000d5780000,0x00000000d5900000)
 ParOldGen       total 420864K, used 420401K [0x0000000080000000, 0x0000000099b00000, 0x00000000d5580000)
  object space 420864K, 99% used [0x0000000080000000,0x0000000099a8c580,0x0000000099b00000)
 Metaspace       used 78066K, committed 79808K, reserved 1179648K
  class space    used 8111K, committed 8896K, reserved 1048576K
}
Event: 514.960 GC heap before
{Heap before GC invocations=442 (full 3):
 PSYoungGen      total 3584K, used 3362K [0x00000000d5580000, 0x00000000d5a80000, 0x0000000100000000)
  eden space 2048K, 100% used [0x00000000d5580000,0x00000000d5780000,0x00000000d5780000)
  from space 1536K, 85% used [0x00000000d5900000,0x00000000d5a48800,0x00000000d5a80000)
  to   space 1536K, 0% used [0x00000000d5780000,0x00000000d5780000,0x00000000d5900000)
 ParOldGen       total 420864K, used 420401K [0x0000000080000000, 0x0000000099b00000, 0x00000000d5580000)
  object space 420864K, 99% used [0x0000000080000000,0x0000000099a8c580,0x0000000099b00000)
 Metaspace       used 78066K, committed 79808K, reserved 1179648K
  class space    used 8111K, committed 8896K, reserved 1048576K
}
Event: 514.964 GC heap after
{Heap after GC invocations=442 (full 3):
 PSYoungGen      total 3584K, used 1510K [0x00000000d5580000, 0x00000000d5f00000, 0x0000000100000000)
  eden space 2048K, 0% used [0x00000000d5580000,0x00000000d5580000,0x00000000d5780000)
  from space 1536K, 98% used [0x00000000d5780000,0x00000000d58f9a90,0x00000000d5900000)
  to   space 3584K, 0% used [0x00000000d5b80000,0x00000000d5b80000,0x00000000d5f00000)
 ParOldGen       total 422400K, used 422107K [0x0000000080000000, 0x0000000099c80000, 0x00000000d5580000)
  object space 422400K, 99% used [0x0000000080000000,0x0000000099c36d80,0x0000000099c80000)
 Metaspace       used 78066K, committed 79808K, reserved 1179648K
  class space    used 8111K, committed 8896K, reserved 1048576K
}
Event: 514.973 GC heap before
{Heap before GC invocations=443 (full 3):
 PSYoungGen      total 3584K, used 3489K [0x00000000d5580000, 0x00000000d5f00000, 0x0000000100000000)
  eden space 2048K, 96% used [0x00000000d5580000,0x00000000d576ea90,0x00000000d5780000)
  from space 1536K, 98% used [0x00000000d5780000,0x00000000d58f9a90,0x00000000d5900000)
  to   space 3584K, 0% used [0x00000000d5b80000,0x00000000d5b80000,0x00000000d5f00000)
 ParOldGen       total 422400K, used 422107K [0x0000000080000000, 0x0000000099c80000, 0x00000000d5580000)
  object space 422400K, 99% used [0x0000000080000000,0x0000000099c36d80,0x0000000099c80000)
 Metaspace       used 78067K, committed 79808K, reserved 1179648K
  class space    used 8111K, committed 8896K, reserved 1048576K
}
Event: 514.977 GC heap after
{Heap after GC invocations=443 (full 3):
 PSYoungGen      total 4608K, used 1640K [0x00000000d5580000, 0x00000000d5d80000, 0x0000000100000000)
  eden space 2560K, 0% used [0x00000000d5580000,0x00000000d5580000,0x00000000d5800000)
  from space 2048K, 80% used [0x00000000d5b80000,0x00000000d5d1a000,0x00000000d5d80000)
  to   space 2560K, 0% used [0x00000000d5880000,0x00000000d5880000,0x00000000d5b00000)
 ParOldGen       total 424448K, used 423968K [0x0000000080000000, 0x0000000099e80000, 0x00000000d5580000)
  object space 424448K, 99% used [0x0000000080000000,0x0000000099e082a0,0x0000000099e80000)
 Metaspace       used 78067K, committed 79808K, reserved 1179648K
  class space    used 8111K, committed 8896K, reserved 1048576K
}
Event: 4203.526 GC heap before
{Heap before GC invocations=444 (full 3):
 PSYoungGen      total 4608K, used 4200K [0x00000000d5580000, 0x00000000d5d80000, 0x0000000100000000)
  eden space 2560K, 100% used [0x00000000d5580000,0x00000000d5800000,0x00000000d5800000)
  from space 2048K, 80% used [0x00000000d5b80000,0x00000000d5d1a000,0x00000000d5d80000)
  to   space 2560K, 0% used [0x00000000d5880000,0x00000000d5880000,0x00000000d5b00000)
 ParOldGen       total 424448K, used 423968K [0x0000000080000000, 0x0000000099e80000, 0x00000000d5580000)
  object space 424448K, 99% used [0x0000000080000000,0x0000000099e082a0,0x0000000099e80000)
 Metaspace       used 78098K, committed 79808K, reserved 1179648K
  class space    used 8111K, committed 8896K, reserved 1048576K
}
Event: 4203.797 GC heap after
{Heap after GC invocations=444 (full 3):
 PSYoungGen      total 4096K, used 944K [0x00000000d5580000, 0x00000000d5c00000, 0x0000000100000000)
  eden space 3072K, 0% used [0x00000000d5580000,0x00000000d5580000,0x00000000d5880000)
  from space 1024K, 92% used [0x00000000d5880000,0x00000000d596c020,0x00000000d5980000)
  to   space 1536K, 0% used [0x00000000d5a80000,0x00000000d5a80000,0x00000000d5c00000)
 ParOldGen       total 425472K, used 425360K [0x0000000080000000, 0x0000000099f80000, 0x00000000d5580000)
  object space 425472K, 99% used [0x0000000080000000,0x0000000099f642a0,0x0000000099f80000)
 Metaspace       used 78098K, committed 79808K, reserved 1179648K
  class space    used 8111K, committed 8896K, reserved 1048576K
}

