# JRE version: OpenJDK Runtime Environment Temurin-21.0.10+7 (21.0.10+7) (build 21.0.10+7-LTS)
# Java VM: OpenJDK 64-Bit Server VM Temurin-21.0.10+7 (21.0.10+7-LTS, mixed mode, sharing, tiered, compressed oops, compressed class ptrs, parallel gc, windows-amd64)
GC Precious Log:
 CardTable entry size: 512
 CPUs: 12 total, 12 available
 Memory: 15710M
 Large Page Support: Disabled
 NUMA Support: Disabled
 Compressed Oops: Enabled (32-bit)
 Alignments: Space 512K, Generation 512K, Heap 2M
 Heap Min Capacity: 100M
 Heap Initial Capacity: 100M
 Heap Max Capacity: 2G
 Pre-touch: Disabled
 Parallel Workers: 10
Heap:
 PSYoungGen      total 2560K, used 553K [0x00000000d5580000, 0x00000000d5a00000, 0x0000000100000000)
  eden space 1536K, 19% used [0x00000000d5580000,0x00000000d55ca5f0,0x00000000d5700000)
  from space 1024K, 25% used [0x00000000d5800000,0x00000000d5840000,0x00000000d5900000)
  to   space 512K, 0% used [0x00000000d5980000,0x00000000d5980000,0x00000000d5a00000)
 ParOldGen       total 912896K, used 912644K [0x0000000080000000, 0x00000000b7b80000, 0x00000000d5580000)
  object space 912896K, 99% used [0x0000000080000000,0x00000000b7b41388,0x00000000b7b80000)
 Metaspace       used 85687K, committed 87360K, reserved 1179648K
  class space    used 8672K, committed 9472K, reserved 1048576K
GC Heap History (20 events):
Event: 72217.641 GC heap before
{Heap before GC invocations=1304 (full 4):
 PSYoungGen      total 4608K, used 4319K [0x00000000d5580000, 0x00000000d5d00000, 0x0000000100000000)
  eden space 3584K, 99% used [0x00000000d5580000,0x00000000d58fff68,0x00000000d5900000)
  from space 1024K, 71% used [0x00000000d5900000,0x00000000d59b8000,0x00000000d5a00000)
  to   space 1536K, 0% used [0x00000000d5b80000,0x00000000d5b80000,0x00000000d5d00000)
 ParOldGen       total 900096K, used 900025K [0x0000000080000000, 0x00000000b6f00000, 0x00000000d5580000)
  object space 900096K, 99% used [0x0000000080000000,0x00000000b6eee5f8,0x00000000b6f00000)
 Metaspace       used 85621K, committed 87296K, reserved 1179648K
  class space    used 8669K, committed 9472K, reserved 1048576K
}
Event: 72217.645 GC heap after
{Heap after GC invocations=1304 (full 4):
 PSYoungGen      total 3072K, used 1519K [0x00000000d5580000, 0x00000000d6200000, 0x0000000100000000)
  eden space 1536K, 0% used [0x00000000d5580000,0x00000000d5580000,0x00000000d5700000)
  from space 1536K, 98% used [0x00000000d5b80000,0x00000000d5cfbdb0,0x00000000d5d00000)
  to   space 4608K, 0% used [0x00000000d5700000,0x00000000d5700000,0x00000000d5b80000)
 ParOldGen       total 902656K, used 902528K [0x0000000080000000, 0x00000000b7180000, 0x00000000d5580000)
  object space 902656K, 99% used [0x0000000080000000,0x00000000b7160038,0x00000000b7180000)
 Metaspace       used 85621K, committed 87296K, reserved 1179648K
  class space    used 8669K, committed 9472K, reserved 1048576K
}
Event: 72217.653 GC heap before
{Heap before GC invocations=1305 (full 4):
 PSYoungGen      total 3072K, used 3055K [0x00000000d5580000, 0x00000000d6200000, 0x0000000100000000)
  eden space 1536K, 100% used [0x00000000d5580000,0x00000000d5700000,0x00000000d5700000)
  from space 1536K, 98% used [0x00000000d5b80000,0x00000000d5cfbdb0,0x00000000d5d00000)
  to   space 4608K, 0% used [0x00000000d5700000,0x00000000d5700000,0x00000000d5b80000)
 ParOldGen       total 902656K, used 902528K [0x0000000080000000, 0x00000000b7180000, 0x00000000d5580000)
  object space 902656K, 99% used [0x0000000080000000,0x00000000b7160038,0x00000000b7180000)
 Metaspace       used 85621K, committed 87296K, reserved 1179648K
  class space    used 8669K, committed 9472K, reserved 1048576K
}
Event: 72217.656 GC heap after
{Heap after GC invocations=1305 (full 4):
 PSYoungGen      total 3072K, used 1103K [0x00000000d5580000, 0x00000000d5c80000, 0x0000000100000000)
  eden space 1536K, 0% used [0x00000000d5580000,0x00000000d5580000,0x00000000d5700000)
  from space 1536K, 71% used [0x00000000d5700000,0x00000000d5813db0,0x00000000d5880000)
  to   space 2560K, 0% used [0x00000000d5a00000,0x00000000d5a00000,0x00000000d5c80000)
 ParOldGen       total 904192K, used 904087K [0x0000000080000000, 0x00000000b7300000, 0x00000000d5580000)
  object space 904192K, 99% used [0x0000000080000000,0x00000000b72e5de8,0x00000000b7300000)
 Metaspace       used 85621K, committed 87296K, reserved 1179648K
  class space    used 8669K, committed 9472K, reserved 1048576K
}
Event: 72217.659 GC heap before
{Heap before GC invocations=1306 (full 4):
 PSYoungGen      total 3072K, used 2639K [0x00000000d5580000, 0x00000000d5c80000, 0x0000000100000000)
  eden space 1536K, 99% used [0x00000000d5580000,0x00000000d56ffff8,0x00000000d5700000)
  from space 1536K, 71% used [0x00000000d5700000,0x00000000d5813db0,0x00000000d5880000)
  to   space 2560K, 0% used [0x00000000d5a00000,0x00000000d5a00000,0x00000000d5c80000)
 ParOldGen       total 904192K, used 904087K [0x0000000080000000, 0x00000000b7300000, 0x00000000d5580000)
  object space 904192K, 99% used [0x0000000080000000,0x00000000b72e5de8,0x00000000b7300000)
 Metaspace       used 85621K, committed 87296K, reserved 1179648K
  class space    used 8669K, committed 9472K, reserved 1048576K
}
Event: 72217.661 GC heap after
{Heap after GC invocations=1306 (full 4):
 PSYoungGen      total 4096K, used 1696K [0x00000000d5580000, 0x00000000d5c00000, 0x0000000100000000)
  eden space 2048K, 0% used [0x00000000d5580000,0x00000000d5580000,0x00000000d5780000)
  from space 2048K, 82% used [0x00000000d5a00000,0x00000000d5ba8000,0x00000000d5c00000)
  to   space 2048K, 0% used [0x00000000d5800000,0x00000000d5800000,0x00000000d5a00000)
 ParOldGen       total 905216K, used 905110K [0x0000000080000000, 0x00000000b7400000, 0x00000000d5580000)
  object space 905216K, 99% used [0x0000000080000000,0x00000000b73e5b98,0x00000000b7400000)
 Metaspace       used 85621K, committed 87296K, reserved 1179648K
  class space    used 8669K, committed 9472K, reserved 1048576K
}
Event: 72217.680 GC heap before
{Heap before GC invocations=1307 (full 4):
 PSYoungGen      total 4096K, used 3744K [0x00000000d5580000, 0x00000000d5c00000, 0x0000000100000000)
  eden space 2048K, 100% used [0x00000000d5580000,0x00000000d5780000,0x00000000d5780000)
  from space 2048K, 82% used [0x00000000d5a00000,0x00000000d5ba8000,0x00000000d5c00000)
  to   space 2048K, 0% used [0x00000000d5800000,0x00000000d5800000,0x00000000d5a00000)
 ParOldGen       total 905216K, used 905110K [0x0000000080000000, 0x00000000b7400000, 0x00000000d5580000)
  object space 905216K, 99% used [0x0000000080000000,0x00000000b73e5b98,0x00000000b7400000)
 Metaspace       used 85621K, committed 87296K, reserved 1179648K
  class space    used 8669K, committed 9472K, reserved 1048576K
}
Event: 72217.684 GC heap after
{Heap after GC invocations=1307 (full 4):
 PSYoungGen      total 4608K, used 1984K [0x00000000d5580000, 0x00000000d5d00000, 0x0000000100000000)
  eden space 2560K, 0% used [0x00000000d5580000,0x00000000d5580000,0x00000000d5800000)
  from space 2048K, 96% used [0x00000000d5800000,0x00000000d59f0000,0x00000000d5a00000)
  to   space 2560K, 0% used [0x00000000d5a80000,0x00000000d5a80000,0x00000000d5d00000)
 ParOldGen       total 906752K, used 906654K [0x0000000080000000, 0x00000000b7580000, 0x00000000d5580000)
  object space 906752K, 99% used [0x0000000080000000,0x00000000b7567b98,0x00000000b7580000)
 Metaspace       used 85621K, committed 87296K, reserved 1179648K
  class space    used 8669K, committed 9472K, reserved 1048576K
}
Event: 72217.691 GC heap before
{Heap before GC invocations=1308 (full 4):
 PSYoungGen      total 4608K, used 4544K [0x00000000d5580000, 0x00000000d5d00000, 0x0000000100000000)
  eden space 2560K, 100% used [0x00000000d5580000,0x00000000d5800000,0x00000000d5800000)
  from space 2048K, 96% used [0x00000000d5800000,0x00000000d59f0000,0x00000000d5a00000)
  to   space 2560K, 0% used [0x00000000d5a80000,0x00000000d5a80000,0x00000000d5d00000)
 ParOldGen       total 906752K, used 906654K [0x0000000080000000, 0x00000000b7580000, 0x00000000d5580000)
  object space 906752K, 99% used [0x0000000080000000,0x00000000b7567b98,0x00000000b7580000)
 Metaspace       used 85622K, committed 87296K, reserved 1179648K
  class space    used 8669K, committed 9472K, reserved 1048576K
}
Event: 72217.694 GC heap after
{Heap after GC invocations=1308 (full 4):
 PSYoungGen      total 5120K, used 2287K [0x00000000d5580000, 0x00000000d5d80000, 0x0000000100000000)
  eden space 2560K, 0% used [0x00000000d5580000,0x00000000d5580000,0x00000000d5800000)
  from space 2560K, 89% used [0x00000000d5a80000,0x00000000d5cbbdb0,0x00000000d5d00000)
  to   space 2560K, 0% used [0x00000000d5800000,0x00000000d5800000,0x00000000d5a80000)
 ParOldGen       total 908800K, used 908413K [0x0000000080000000, 0x00000000b7780000, 0x00000000d5580000)
  object space 908800K, 99% used [0x0000000080000000,0x00000000b771f5d8,0x00000000b7780000)
 Metaspace       used 85622K, committed 87296K, reserved 1179648K
  class space    used 8669K, committed 9472K, reserved 1048576K
}
Event: 72217.703 GC heap before
{Heap before GC invocations=1309 (full 4):
 PSYoungGen      total 5120K, used 4827K [0x00000000d5580000, 0x00000000d5d80000, 0x0000000100000000)
  eden space 2560K, 99% used [0x00000000d5580000,0x00000000d57fae58,0x00000000d5800000)
  from space 2560K, 89% used [0x00000000d5a80000,0x00000000d5cbbdb0,0x00000000d5d00000)
  to   space 2560K, 0% used [0x00000000d5800000,0x00000000d5800000,0x00000000d5a80000)
 ParOldGen       total 908800K, used 908413K [0x0000000080000000, 0x00000000b7780000, 0x00000000d5580000)
  object space 908800K, 99% used [0x0000000080000000,0x00000000b771f5d8,0x00000000b7780000)
 Metaspace       used 85624K, committed 87296K, reserved 1179648K
  class space    used 8669K, committed 9472K, reserved 1048576K
}
Event: 72217.706 GC heap after
{Heap after GC invocations=1309 (full 4):
 PSYoungGen      total 3072K, used 359K [0x00000000d5580000, 0x00000000d5b80000, 0x0000000100000000)
  eden space 2560K, 0% used [0x00000000d5580000,0x00000000d5580000,0x00000000d5800000)
  from space 512K, 70% used [0x00000000d5800000,0x00000000d5859ed8,0x00000000d5880000)
  to   space 1536K, 0% used [0x00000000d5a00000,0x00000000d5a00000,0x00000000d5b80000)
 ParOldGen       total 908800K, used 908717K [0x0000000080000000, 0x00000000b7780000, 0x00000000d5580000)
  object space 908800K, 99% used [0x0000000080000000,0x00000000b776b5d8,0x00000000b7780000)
 Metaspace       used 85624K, committed 87296K, reserved 1179648K
  class space    used 8669K, committed 9472K, reserved 1048576K
}
Event: 72217.709 GC heap before
{Heap before GC invocations=1310 (full 4):
 PSYoungGen      total 3072K, used 2919K [0x00000000d5580000, 0x00000000d5b80000, 0x0000000100000000)
  eden space 2560K, 99% used [0x00000000d5580000,0x00000000d57ffff8,0x00000000d5800000)
  from space 512K, 70% used [0x00000000d5800000,0x00000000d5859ed8,0x00000000d5880000)
  to   space 1536K, 0% used [0x00000000d5a00000,0x00000000d5a00000,0x00000000d5b80000)
 ParOldGen       total 908800K, used 908717K [0x0000000080000000, 0x00000000b7780000, 0x00000000d5580000)
  object space 908800K, 99% used [0x0000000080000000,0x00000000b776b5d8,0x00000000b7780000)
 Metaspace       used 85624K, committed 87296K, reserved 1179648K
  class space    used 8669K, committed 9472K, reserved 1048576K
}
Event: 72217.712 GC heap after
{Heap after GC invocations=1310 (full 4):
 PSYoungGen      total 3072K, used 1511K [0x00000000d5580000, 0x00000000d5e80000, 0x0000000100000000)
  eden space 1536K, 0% used [0x00000000d5580000,0x00000000d5580000,0x00000000d5700000)
  from space 1536K, 98% used [0x00000000d5a00000,0x00000000d5b79ed8,0x00000000d5b80000)
  to   space 3072K, 0% used [0x00000000d5700000,0x00000000d5700000,0x00000000d5a00000)
 ParOldGen       total 909824K, used 909469K [0x0000000080000000, 0x00000000b7880000, 0x00000000d5580000)
  object space 909824K, 99% used [0x0000000080000000,0x00000000b78274b0,0x00000000b7880000)
 Metaspace       used 85624K, committed 87296K, reserved 1179648K
  class space    used 8669K, committed 9472K, reserved 1048576K
}
Event: 72217.733 GC heap before
{Heap before GC invocations=1311 (full 4):
 PSYoungGen      total 3072K, used 3047K [0x00000000d5580000, 0x00000000d5e80000, 0x0000000100000000)
  eden space 1536K, 99% used [0x00000000d5580000,0x00000000d56ffff0,0x00000000d5700000)
  from space 1536K, 98% used [0x00000000d5a00000,0x00000000d5b79ed8,0x00000000d5b80000)
  to   space 3072K, 0% used [0x00000000d5700000,0x00000000d5700000,0x00000000d5a00000)
 ParOldGen       total 909824K, used 909469K [0x0000000080000000, 0x00000000b7880000, 0x00000000d5580000)
  object space 909824K, 99% used [0x0000000080000000,0x00000000b78274b0,0x00000000b7880000)
 Metaspace       used 85624K, committed 87296K, reserved 1179648K
  class space    used 8669K, committed 9472K, reserved 1048576K
}
Event: 72217.737 GC heap after
{Heap after GC invocations=1311 (full 4):
 PSYoungGen      total 3584K, used 1600K [0x00000000d5580000, 0x00000000d5b80000, 0x0000000100000000)
  eden space 1536K, 0% used [0x00000000d5580000,0x00000000d5580000,0x00000000d5700000)
  from space 2048K, 78% used [0x00000000d5700000,0x00000000d5890000,0x00000000d5900000)
  to   space 2048K, 0% used [0x00000000d5980000,0x00000000d5980000,0x00000000d5b80000)
 ParOldGen       total 911360K, used 911036K [0x0000000080000000, 0x00000000b7a00000, 0x00000000d5580000)
  object space 911360K, 99% used [0x0000000080000000,0x00000000b79af388,0x00000000b7a00000)
 Metaspace       used 85624K, committed 87296K, reserved 1179648K
  class space    used 8669K, committed 9472K, reserved 1048576K
}
Event: 72218.035 GC heap before
{Heap before GC invocations=1312 (full 4):
 PSYoungGen      total 3584K, used 3135K [0x00000000d5580000, 0x00000000d5b80000, 0x0000000100000000)
  eden space 1536K, 99% used [0x00000000d5580000,0x00000000d56fff58,0x00000000d5700000)
  from space 2048K, 78% used [0x00000000d5700000,0x00000000d5890000,0x00000000d5900000)
  to   space 2048K, 0% used [0x00000000d5980000,0x00000000d5980000,0x00000000d5b80000)
 ParOldGen       total 911360K, used 911036K [0x0000000080000000, 0x00000000b7a00000, 0x00000000d5580000)
  object space 911360K, 99% used [0x0000000080000000,0x00000000b79af388,0x00000000b7a00000)
 Metaspace       used 85649K, committed 87360K, reserved 1179648K
  class space    used 8672K, committed 9472K, reserved 1048576K
}
Event: 72218.037 GC heap after
{Heap after GC invocations=1312 (full 4):
 PSYoungGen      total 2048K, used 288K [0x00000000d5580000, 0x00000000d5a00000, 0x0000000100000000)
  eden space 1536K, 0% used [0x00000000d5580000,0x00000000d5580000,0x00000000d5700000)
  from space 512K, 56% used [0x00000000d5980000,0x00000000d59c8000,0x00000000d5a00000)
  to   space 1024K, 0% used [0x00000000d5800000,0x00000000d5800000,0x00000000d5900000)
 ParOldGen       total 912896K, used 912516K [0x0000000080000000, 0x00000000b7b80000, 0x00000000d5580000)
  object space 912896K, 99% used [0x0000000080000000,0x00000000b7b21388,0x00000000b7b80000)
 Metaspace       used 85649K, committed 87360K, reserved 1179648K
  class space    used 8672K, committed 9472K, reserved 1048576K
}
Event: 72493.163 GC heap before
{Heap before GC invocations=1313 (full 4):
 PSYoungGen      total 2048K, used 1823K [0x00000000d5580000, 0x00000000d5a00000, 0x0000000100000000)
  eden space 1536K, 99% used [0x00000000d5580000,0x00000000d56ffc28,0x00000000d5700000)
  from space 512K, 56% used [0x00000000d5980000,0x00000000d59c8000,0x00000000d5a00000)
  to   space 1024K, 0% used [0x00000000d5800000,0x00000000d5800000,0x00000000d5900000)
 ParOldGen       total 912896K, used 912516K [0x0000000080000000, 0x00000000b7b80000, 0x00000000d5580000)
  object space 912896K, 99% used [0x0000000080000000,0x00000000b7b21388,0x00000000b7b80000)
 Metaspace       used 85650K, committed 87360K, reserved 1179648K
  class space    used 8672K, committed 9472K, reserved 1048576K
}
Event: 72493.167 GC heap after
{Heap after GC invocations=1313 (full 4):
 PSYoungGen      total 2560K, used 256K [0x00000000d5580000, 0x00000000d5a00000, 0x0000000100000000)
  eden space 1536K, 0% used [0x00000000d5580000,0x00000000d5580000,0x00000000d5700000)
  from space 1024K, 25% used [0x00000000d5800000,0x00000000d5840000,0x00000000d5900000)
  to   space 512K, 0% used [0x00000000d5980000,0x00000000d5980000,0x00000000d5a00000)
 ParOldGen       total 912896K, used 912644K [0x0000000080000000, 0x00000000b7b80000, 0x00000000d5580000)
  object space 912896K, 99% used [0x0000000080000000,0x00000000b7b41388,0x00000000b7b80000)
 Metaspace       used 85650K, committed 87360K, reserved 1179648K
  class space    used 8672K, committed 9472K, reserved 1048576K
}

